[0.209s] DEBUG:colcon:Command line arguments: ['/usr/bin/colcon', 'build', '--symlink-install']
[0.209s] DEBUG:colcon:Parsed command line arguments: Namespace(log_base=None, log_level=None, verb_name='build', build_base='build', install_base='install', merge_install=False, symlink_install=True, test_result_base=None, continue_on_error=False, executor='parallel', parallel_workers=5, event_handlers=None, ignore_user_meta=False, metas=['./colcon.meta'], base_paths=['.'], packages_ignore=None, packages_ignore_regex=None, paths=None, packages_up_to=None, packages_up_to_regex=None, packages_above=None, packages_above_and_dependencies=None, packages_above_depth=None, packages_select_by_dep=None, packages_skip_by_dep=None, packages_skip_up_to=None, packages_select_build_failed=False, packages_skip_build_finished=False, packages_select_test_failures=False, packages_skip_test_passed=False, packages_select=None, packages_skip=None, packages_select_regex=None, packages_skip_regex=None, packages_start=None, packages_end=None, allow_overriding=[], cmake_args=None, cmake_target=None, cmake_target_skip_unavailable=False, cmake_clean_cache=False, cmake_clean_first=False, cmake_force_configure=False, ament_cmake_args=None, catkin_cmake_args=None, catkin_skip_building_tests=False, verb_parser=<colcon_defaults.argument_parser.defaults.DefaultArgumentsDecorator object at 0x720ab1d76240>, verb_extension=<colcon_core.verb.build.BuildVerb object at 0x720ab1d76150>, main=<bound method BuildVerb.main of <colcon_core.verb.build.BuildVerb object at 0x720ab1d76150>>)
[0.257s] Level 1:colcon.colcon_core.package_discovery:discover_packages(colcon_meta) check parameters
[0.257s] Level 1:colcon.colcon_core.package_discovery:discover_packages(recursive) check parameters
[0.257s] Level 1:colcon.colcon_core.package_discovery:discover_packages(ignore) check parameters
[0.258s] Level 1:colcon.colcon_core.package_discovery:discover_packages(path) check parameters
[0.258s] Level 1:colcon.colcon_core.package_discovery:discover_packages(colcon_meta) discover
[0.258s] Level 1:colcon.colcon_core.package_discovery:discover_packages(recursive) discover
[0.258s] INFO:colcon.colcon_core.package_discovery:Crawling recursively for packages in '/home/hania/project'
[0.258s] Level 1:colcon.colcon_core.package_identification:_identify(.) by extensions ['ignore', 'ignore_ament_install']
[0.258s] Level 1:colcon.colcon_core.package_identification:_identify(.) by extension 'ignore'
[0.258s] Level 1:colcon.colcon_core.package_identification:_identify(.) by extension 'ignore_ament_install'
[0.258s] Level 1:colcon.colcon_core.package_identification:_identify(.) by extensions ['colcon_pkg']
[0.258s] Level 1:colcon.colcon_core.package_identification:_identify(.) by extension 'colcon_pkg'
[0.258s] Level 1:colcon.colcon_core.package_identification:_identify(.) by extensions ['colcon_meta']
[0.258s] Level 1:colcon.colcon_core.package_identification:_identify(.) by extension 'colcon_meta'
[0.258s] Level 1:colcon.colcon_core.package_identification:_identify(.) by extensions ['ros']
[0.258s] Level 1:colcon.colcon_core.package_identification:_identify(.) by extension 'ros'
[0.289s] Level 1:colcon.colcon_core.package_identification:_identify(.) by extensions ['cmake', 'python']
[0.289s] Level 1:colcon.colcon_core.package_identification:_identify(.) by extension 'cmake'
[0.289s] Level 1:colcon.colcon_core.package_identification:_identify(.) by extension 'python'
[0.289s] Level 1:colcon.colcon_core.package_identification:_identify(.) by extensions ['python_setup_py']
[0.289s] Level 1:colcon.colcon_core.package_identification:_identify(.) by extension 'python_setup_py'
[0.289s] Level 1:colcon.colcon_core.package_identification:_identify(build) by extensions ['ignore', 'ignore_ament_install']
[0.290s] Level 1:colcon.colcon_core.package_identification:_identify(build) by extension 'ignore'
[0.290s] Level 1:colcon.colcon_core.package_identification:_identify(build) ignored
[0.290s] Level 1:colcon.colcon_core.package_identification:_identify(install) by extensions ['ignore', 'ignore_ament_install']
[0.290s] Level 1:colcon.colcon_core.package_identification:_identify(install) by extension 'ignore'
[0.290s] Level 1:colcon.colcon_core.package_identification:_identify(install) ignored
[0.290s] Level 1:colcon.colcon_core.package_identification:_identify(log) by extensions ['ignore', 'ignore_ament_install']
[0.290s] Level 1:colcon.colcon_core.package_identification:_identify(log) by extension 'ignore'
[0.290s] Level 1:colcon.colcon_core.package_identification:_identify(log) ignored
[0.290s] Level 1:colcon.colcon_core.package_identification:_identify(src) by extensions ['ignore', 'ignore_ament_install']
[0.290s] Level 1:colcon.colcon_core.package_identification:_identify(src) by extension 'ignore'
[0.290s] Level 1:colcon.colcon_core.package_identification:_identify(src) by extension 'ignore_ament_install'
[0.290s] Level 1:colcon.colcon_core.package_identification:_identify(src) by extensions ['colcon_pkg']
[0.290s] Level 1:colcon.colcon_core.package_identification:_identify(src) by extension 'colcon_pkg'
[0.290s] Level 1:colcon.colcon_core.package_identification:_identify(src) by extensions ['colcon_meta']
[0.290s] Level 1:colcon.colcon_core.package_identification:_identify(src) by extension 'colcon_meta'
[0.290s] Level 1:colcon.colcon_core.package_identification:_identify(src) by extensions ['ros']
[0.290s] Level 1:colcon.colcon_core.package_identification:_identify(src) by extension 'ros'
[0.290s] Level 1:colcon.colcon_core.package_identification:_identify(src) by extensions ['cmake', 'python']
[0.291s] Level 1:colcon.colcon_core.package_identification:_identify(src) by extension 'cmake'
[0.291s] Level 1:colcon.colcon_core.package_identification:_identify(src) by extension 'python'
[0.291s] Level 1:colcon.colcon_core.package_identification:_identify(src) by extensions ['python_setup_py']
[0.291s] Level 1:colcon.colcon_core.package_identification:_identify(src) by extension 'python_setup_py'
[0.291s] Level 1:colcon.colcon_core.package_identification:_identify(src/robot_bringup) by extensions ['ignore', 'ignore_ament_install']
[0.291s] Level 1:colcon.colcon_core.package_identification:_identify(src/robot_bringup) by extension 'ignore'
[0.291s] Level 1:colcon.colcon_core.package_identification:_identify(src/robot_bringup) by extension 'ignore_ament_install'
[0.291s] Level 1:colcon.colcon_core.package_identification:_identify(src/robot_bringup) by extensions ['colcon_pkg']
[0.291s] Level 1:colcon.colcon_core.package_identification:_identify(src/robot_bringup) by extension 'colcon_pkg'
[0.291s] Level 1:colcon.colcon_core.package_identification:_identify(src/robot_bringup) by extensions ['colcon_meta']
[0.291s] Level 1:colcon.colcon_core.package_identification:_identify(src/robot_bringup) by extension 'colcon_meta'
[0.291s] Level 1:colcon.colcon_core.package_identification:_identify(src/robot_bringup) by extensions ['ros']
[0.291s] Level 1:colcon.colcon_core.package_identification:_identify(src/robot_bringup) by extension 'ros'
[0.294s] DEBUG:colcon.colcon_core.package_identification:Package 'src/robot_bringup' with type 'ros.ament_python' and name 'robot_bringup'
[0.294s] Level 1:colcon.colcon_core.package_identification:_identify(src/robot_controllers) by extensions ['ignore', 'ignore_ament_install']
[0.294s] Level 1:colcon.colcon_core.package_identification:_identify(src/robot_controllers) by extension 'ignore'
[0.294s] Level 1:colcon.colcon_core.package_identification:_identify(src/robot_controllers) by extension 'ignore_ament_install'
[0.294s] Level 1:colcon.colcon_core.package_identification:_identify(src/robot_controllers) by extensions ['colcon_pkg']
[0.294s] Level 1:colcon.colcon_core.package_identification:_identify(src/robot_controllers) by extension 'colcon_pkg'
[0.294s] Level 1:colcon.colcon_core.package_identification:_identify(src/robot_controllers) by extensions ['colcon_meta']
[0.294s] Level 1:colcon.colcon_core.package_identification:_identify(src/robot_controllers) by extension 'colcon_meta'
[0.294s] Level 1:colcon.colcon_core.package_identification:_identify(src/robot_controllers) by extensions ['ros']
[0.294s] Level 1:colcon.colcon_core.package_identification:_identify(src/robot_controllers) by extension 'ros'
[0.294s] DEBUG:colcon.colcon_core.package_identification:Package 'src/robot_controllers' with type 'ros.ament_python' and name 'robot_controllers'
[0.294s] Level 1:colcon.colcon_core.package_identification:_identify(src/robot_description) by extensions ['ignore', 'ignore_ament_install']
[0.295s] Level 1:colcon.colcon_core.package_identification:_identify(src/robot_description) by extension 'ignore'
[0.295s] Level 1:colcon.colcon_core.package_identification:_identify(src/robot_description) by extension 'ignore_ament_install'
[0.295s] Level 1:colcon.colcon_core.package_identification:_identify(src/robot_description) by extensions ['colcon_pkg']
[0.295s] Level 1:colcon.colcon_core.package_identification:_identify(src/robot_description) by extension 'colcon_pkg'
[0.295s] Level 1:colcon.colcon_core.package_identification:_identify(src/robot_description) by extensions ['colcon_meta']
[0.295s] Level 1:colcon.colcon_core.package_identification:_identify(src/robot_description) by extension 'colcon_meta'
[0.295s] Level 1:colcon.colcon_core.package_identification:_identify(src/robot_description) by extensions ['ros']
[0.295s] Level 1:colcon.colcon_core.package_identification:_identify(src/robot_description) by extension 'ros'
[0.295s] DEBUG:colcon.colcon_core.package_identification:Package 'src/robot_description' with type 'ros.ament_cmake' and name 'robot_description'
[0.295s] Level 1:colcon.colcon_core.package_discovery:discover_packages(recursive) using defaults
[0.295s] Level 1:colcon.colcon_core.package_discovery:discover_packages(ignore) discover
[0.295s] Level 1:colcon.colcon_core.package_discovery:discover_packages(ignore) using defaults
[0.295s] Level 1:colcon.colcon_core.package_discovery:discover_packages(path) discover
[0.295s] Level 1:colcon.colcon_core.package_discovery:discover_packages(path) using defaults
[0.332s] Level 1:colcon.colcon_core.package_discovery:discover_packages(prefix_path) check parameters
[0.332s] Level 1:colcon.colcon_core.package_discovery:discover_packages(prefix_path) discover
[0.336s] WARNING:colcon.colcon_ros.prefix_path.ament:The path '/home/hania/project/install/robot_bringup' in the environment variable AMENT_PREFIX_PATH doesn't exist
[0.336s] WARNING:colcon.colcon_ros.prefix_path.ament:The path '/home/hania/project/install/robot_description' in the environment variable AMENT_PREFIX_PATH doesn't exist
[0.336s] WARNING:colcon.colcon_ros.prefix_path.ament:The path '/home/hania/project/install/robot_controllers' in the environment variable AMENT_PREFIX_PATH doesn't exist
[0.336s] WARNING:colcon.colcon_ros.prefix_path.catkin:The path '/home/hania/project/install/robot_description' in the environment variable CMAKE_PREFIX_PATH doesn't exist
[0.338s] DEBUG:colcon.colcon_installed_package_information.package_discovery:Found 0 installed packages in /home/hania/project/install
[0.339s] DEBUG:colcon.colcon_installed_package_information.package_discovery:Found 1 installed packages in /home/hania/install
[0.342s] DEBUG:colcon.colcon_installed_package_information.package_discovery:Found 373 installed packages in /opt/ros/jazzy
[0.344s] Level 1:colcon.colcon_core.package_discovery:discover_packages(prefix_path) using defaults
[0.401s] Level 5:colcon.colcon_core.verb:set package 'robot_controllers' build argument 'cmake_args' from command line to 'None'
[0.401s] Level 5:colcon.colcon_core.verb:set package 'robot_controllers' build argument 'cmake_target' from command line to 'None'
[0.401s] Level 5:colcon.colcon_core.verb:set package 'robot_controllers' build argument 'cmake_target_skip_unavailable' from command line to 'False'
[0.401s] Level 5:colcon.colcon_core.verb:set package 'robot_controllers' build argument 'cmake_clean_cache' from command line to 'False'
[0.401s] Level 5:colcon.colcon_core.verb:set package 'robot_controllers' build argument 'cmake_clean_first' from command line to 'False'
[0.401s] Level 5:colcon.colcon_core.verb:set package 'robot_controllers' build argument 'cmake_force_configure' from command line to 'False'
[0.401s] Level 5:colcon.colcon_core.verb:set package 'robot_controllers' build argument 'ament_cmake_args' from command line to 'None'
[0.401s] Level 5:colcon.colcon_core.verb:set package 'robot_controllers' build argument 'catkin_cmake_args' from command line to 'None'
[0.401s] Level 5:colcon.colcon_core.verb:set package 'robot_controllers' build argument 'catkin_skip_building_tests' from command line to 'False'
[0.401s] DEBUG:colcon.colcon_core.verb:Building package 'robot_controllers' with the following arguments: {'ament_cmake_args': None, 'build_base': '/home/hania/project/build/robot_controllers', 'catkin_cmake_args': None, 'catkin_skip_building_tests': False, 'cmake_args': None, 'cmake_clean_cache': False, 'cmake_clean_first': False, 'cmake_force_configure': False, 'cmake_target': None, 'cmake_target_skip_unavailable': False, 'install_base': '/home/hania/project/install/robot_controllers', 'merge_install': False, 'path': '/home/hania/project/src/robot_controllers', 'symlink_install': True, 'test_result_base': None}
[0.402s] Level 5:colcon.colcon_core.verb:set package 'robot_description' build argument 'cmake_args' from command line to 'None'
[0.402s] Level 5:colcon.colcon_core.verb:set package 'robot_description' build argument 'cmake_target' from command line to 'None'
[0.402s] Level 5:colcon.colcon_core.verb:set package 'robot_description' build argument 'cmake_target_skip_unavailable' from command line to 'False'
[0.402s] Level 5:colcon.colcon_core.verb:set package 'robot_description' build argument 'cmake_clean_cache' from command line to 'False'
[0.402s] Level 5:colcon.colcon_core.verb:set package 'robot_description' build argument 'cmake_clean_first' from command line to 'False'
[0.402s] Level 5:colcon.colcon_core.verb:set package 'robot_description' build argument 'cmake_force_configure' from command line to 'False'
[0.402s] Level 5:colcon.colcon_core.verb:set package 'robot_description' build argument 'ament_cmake_args' from command line to 'None'
[0.402s] Level 5:colcon.colcon_core.verb:set package 'robot_description' build argument 'catkin_cmake_args' from command line to 'None'
[0.402s] Level 5:colcon.colcon_core.verb:set package 'robot_description' build argument 'catkin_skip_building_tests' from command line to 'False'
[0.402s] DEBUG:colcon.colcon_core.verb:Building package 'robot_description' with the following arguments: {'ament_cmake_args': None, 'build_base': '/home/hania/project/build/robot_description', 'catkin_cmake_args': None, 'catkin_skip_building_tests': False, 'cmake_args': None, 'cmake_clean_cache': False, 'cmake_clean_first': False, 'cmake_force_configure': False, 'cmake_target': None, 'cmake_target_skip_unavailable': False, 'install_base': '/home/hania/project/install/robot_description', 'merge_install': False, 'path': '/home/hania/project/src/robot_description', 'symlink_install': True, 'test_result_base': None}
[0.402s] Level 5:colcon.colcon_core.verb:set package 'robot_bringup' build argument 'cmake_args' from command line to 'None'
[0.402s] Level 5:colcon.colcon_core.verb:set package 'robot_bringup' build argument 'cmake_target' from command line to 'None'
[0.402s] Level 5:colcon.colcon_core.verb:set package 'robot_bringup' build argument 'cmake_target_skip_unavailable' from command line to 'False'
[0.402s] Level 5:colcon.colcon_core.verb:set package 'robot_bringup' build argument 'cmake_clean_cache' from command line to 'False'
[0.402s] Level 5:colcon.colcon_core.verb:set package 'robot_bringup' build argument 'cmake_clean_first' from command line to 'False'
[0.402s] Level 5:colcon.colcon_core.verb:set package 'robot_bringup' build argument 'cmake_force_configure' from command line to 'False'
[0.402s] Level 5:colcon.colcon_core.verb:set package 'robot_bringup' build argument 'ament_cmake_args' from command line to 'None'
[0.402s] Level 5:colcon.colcon_core.verb:set package 'robot_bringup' build argument 'catkin_cmake_args' from command line to 'None'
[0.402s] Level 5:colcon.colcon_core.verb:set package 'robot_bringup' build argument 'catkin_skip_building_tests' from command line to 'False'
[0.402s] DEBUG:colcon.colcon_core.verb:Building package 'robot_bringup' with the following arguments: {'ament_cmake_args': None, 'build_base': '/home/hania/project/build/robot_bringup', 'catkin_cmake_args': None, 'catkin_skip_building_tests': False, 'cmake_args': None, 'cmake_clean_cache': False, 'cmake_clean_first': False, 'cmake_force_configure': False, 'cmake_target': None, 'cmake_target_skip_unavailable': False, 'install_base': '/home/hania/project/install/robot_bringup', 'merge_install': False, 'path': '/home/hania/project/src/robot_bringup', 'symlink_install': True, 'test_result_base': None}
[0.402s] INFO:colcon.colcon_core.executor:Executing jobs using 'parallel' executor
[0.404s] DEBUG:colcon.colcon_parallel_executor.executor.parallel:run_until_complete
[0.404s] INFO:colcon.colcon_ros.task.ament_python.build:Building ROS package in '/home/hania/project/src/robot_controllers' with build type 'ament_python'
[0.405s] Level 1:colcon.colcon_core.shell:create_environment_hook('robot_controllers', 'ament_prefix_path')
[0.414s] INFO:colcon.colcon_core.plugin_system:Skipping extension 'colcon_core.shell.bat': Not used on non-Windows systems
[0.414s] INFO:colcon.colcon_core.shell:Creating environment hook '/home/hania/project/install/robot_controllers/share/robot_controllers/hook/ament_prefix_path.ps1'
[0.416s] INFO:colcon.colcon_core.shell:Creating environment descriptor '/home/hania/project/install/robot_controllers/share/robot_controllers/hook/ament_prefix_path.dsv'
[0.416s] INFO:colcon.colcon_core.shell:Creating environment hook '/home/hania/project/install/robot_controllers/share/robot_controllers/hook/ament_prefix_path.sh'
[0.416s] INFO:colcon.colcon_core.shell:Skip shell extension 'powershell' for command environment: Not usable outside of PowerShell
[0.416s] DEBUG:colcon.colcon_core.shell:Skip shell extension 'dsv' for command environment
[0.422s] INFO:colcon.colcon_ros.task.ament_cmake.build:Building ROS package in '/home/hania/project/src/robot_description' with build type 'ament_cmake'
[0.422s] INFO:colcon.colcon_cmake.task.cmake.build:Building CMake package in '/home/hania/project/src/robot_description'
[0.422s] INFO:colcon.colcon_core.shell:Skip shell extension 'powershell' for command environment: Not usable outside of PowerShell
[0.423s] DEBUG:colcon.colcon_core.shell:Skip shell extension 'dsv' for command environment
[0.679s] INFO:colcon.colcon_core.task.python.build:Building Python package in '/home/hania/project/src/robot_controllers'
[0.680s] INFO:colcon.colcon_core.shell:Skip shell extension 'powershell' for command environment: Not usable outside of PowerShell
[0.680s] DEBUG:colcon.colcon_core.shell:Skip shell extension 'dsv' for command environment
[0.689s] DEBUG:colcon.colcon_core.event_handler.log_command:Invoking command in '/home/hania/project/build/robot_description': CMAKE_PREFIX_PATH=${CMAKE_PREFIX_PATH}:/home/hania/project/install/robot_bringup:/home/hania/project/install/robot_controllers:/opt/ros/jazzy DEBUGINFOD_URLS=https://debuginfod.ubuntu.com /usr/bin/cmake /home/hania/project/src/robot_description -DAMENT_CMAKE_SYMLINK_INSTALL=1 -DCMAKE_INSTALL_PREFIX=/home/hania/project/install/robot_description
[1.894s] DEBUG:colcon.colcon_core.event_handler.log_command:Invoking command in '/home/hania/project/build/robot_controllers': DEBUGINFOD_URLS=https://debuginfod.ubuntu.com PYTHONPATH=/home/hania/project/build/robot_controllers/prefix_override:/usr/lib/python3/dist-packages/colcon_core/task/python/colcon_distutils_commands:/home/hania/project/install/robot_controllers/lib/python3.12/site-packages:${PYTHONPATH} /usr/bin/python3 -W ignore:setup.py install is deprecated -W ignore:easy_install command is deprecated setup.py develop --editable --build-directory /home/hania/project/build/robot_controllers/build --no-deps symlink_data
[2.224s] DEBUG:colcon.colcon_core.event_handler.log_command:Invoked command in '/home/hania/project/build/robot_description' returned '0': CMAKE_PREFIX_PATH=${CMAKE_PREFIX_PATH}:/home/hania/project/install/robot_bringup:/home/hania/project/install/robot_controllers:/opt/ros/jazzy DEBUGINFOD_URLS=https://debuginfod.ubuntu.com /usr/bin/cmake /home/hania/project/src/robot_description -DAMENT_CMAKE_SYMLINK_INSTALL=1 -DCMAKE_INSTALL_PREFIX=/home/hania/project/install/robot_description
[2.229s] DEBUG:colcon.colcon_core.event_handler.log_command:Invoking command in '/home/hania/project/build/robot_description': CMAKE_PREFIX_PATH=${CMAKE_PREFIX_PATH}:/home/hania/project/install/robot_bringup:/home/hania/project/install/robot_controllers:/opt/ros/jazzy DEBUGINFOD_URLS=https://debuginfod.ubuntu.com /usr/bin/cmake --build /home/hania/project/build/robot_description -- -j5 -l5
[2.297s] DEBUG:colcon.colcon_core.event_handler.log_command:Invoked command in '/home/hania/project/build/robot_description' returned '0': CMAKE_PREFIX_PATH=${CMAKE_PREFIX_PATH}:/home/hania/project/install/robot_bringup:/home/hania/project/install/robot_controllers:/opt/ros/jazzy DEBUGINFOD_URLS=https://debuginfod.ubuntu.com /usr/bin/cmake --build /home/hania/project/build/robot_description -- -j5 -l5
[2.314s] DEBUG:colcon.colcon_core.event_handler.log_command:Invoking command in '/home/hania/project/build/robot_description': CMAKE_PREFIX_PATH=${CMAKE_PREFIX_PATH}:/home/hania/project/install/robot_bringup:/home/hania/project/install/robot_controllers:/opt/ros/jazzy DEBUGINFOD_URLS=https://debuginfod.ubuntu.com /usr/bin/cmake --install /home/hania/project/build/robot_description
[2.711s] Level 1:colcon.colcon_core.environment:create_environment_scripts_only(robot_description)
[2.712s] DEBUG:colcon.colcon_core.event_handler.log_command:Invoked command in '/home/hania/project/build/robot_description' returned '0': CMAKE_PREFIX_PATH=${CMAKE_PREFIX_PATH}:/home/hania/project/install/robot_bringup:/home/hania/project/install/robot_controllers:/opt/ros/jazzy DEBUGINFOD_URLS=https://debuginfod.ubuntu.com /usr/bin/cmake --install /home/hania/project/build/robot_description
[2.729s] Level 1:colcon.colcon_core.environment:checking '/home/hania/project/install/robot_description' for CMake module files
[2.730s] Level 1:colcon.colcon_core.environment:checking '/home/hania/project/install/robot_description' for CMake config files
[2.730s] Level 1:colcon.colcon_core.shell:create_environment_hook('robot_description', 'cmake_prefix_path')
[2.730s] INFO:colcon.colcon_core.shell:Creating environment hook '/home/hania/project/install/robot_description/share/robot_description/hook/cmake_prefix_path.ps1'
[2.730s] INFO:colcon.colcon_core.shell:Creating environment descriptor '/home/hania/project/install/robot_description/share/robot_description/hook/cmake_prefix_path.dsv'
[2.731s] INFO:colcon.colcon_core.shell:Creating environment hook '/home/hania/project/install/robot_description/share/robot_description/hook/cmake_prefix_path.sh'
[2.731s] Level 1:colcon.colcon_core.environment:checking '/home/hania/project/install/robot_description/bin'
[2.731s] Level 1:colcon.colcon_core.environment:checking '/home/hania/project/install/robot_description/lib/pkgconfig/robot_description.pc'
[2.732s] Level 1:colcon.colcon_core.environment:checking '/home/hania/project/install/robot_description/lib/python3.12/site-packages'
[2.732s] Level 1:colcon.colcon_core.environment:checking '/home/hania/project/install/robot_description/bin'
[2.732s] INFO:colcon.colcon_core.shell:Creating package script '/home/hania/project/install/robot_description/share/robot_description/package.ps1'
[2.733s] INFO:colcon.colcon_core.shell:Creating package descriptor '/home/hania/project/install/robot_description/share/robot_description/package.dsv'
[2.734s] INFO:colcon.colcon_core.shell:Creating package script '/home/hania/project/install/robot_description/share/robot_description/package.sh'
[2.734s] INFO:colcon.colcon_core.shell:Creating package script '/home/hania/project/install/robot_description/share/robot_description/package.bash'
[2.739s] INFO:colcon.colcon_core.shell:Creating package script '/home/hania/project/install/robot_description/share/robot_description/package.zsh'
[2.742s] Level 1:colcon.colcon_core.environment:create_file_with_runtime_dependencies(/home/hania/project/install/robot_description/share/colcon-core/packages/robot_description)
[2.744s] Level 1:colcon.colcon_core.environment:create_environment_scripts_only(robot_description)
[2.744s] Level 1:colcon.colcon_core.environment:checking '/home/hania/project/install/robot_description' for CMake module files
[2.744s] Level 1:colcon.colcon_core.environment:checking '/home/hania/project/install/robot_description' for CMake config files
[2.745s] Level 1:colcon.colcon_core.shell:create_environment_hook('robot_description', 'cmake_prefix_path')
[2.746s] INFO:colcon.colcon_core.shell:Creating environment hook '/home/hania/project/install/robot_description/share/robot_description/hook/cmake_prefix_path.ps1'
[2.747s] INFO:colcon.colcon_core.shell:Creating environment descriptor '/home/hania/project/install/robot_description/share/robot_description/hook/cmake_prefix_path.dsv'
[2.748s] INFO:colcon.colcon_core.shell:Creating environment hook '/home/hania/project/install/robot_description/share/robot_description/hook/cmake_prefix_path.sh'
[2.750s] Level 1:colcon.colcon_core.environment:checking '/home/hania/project/install/robot_description/bin'
[2.750s] Level 1:colcon.colcon_core.environment:checking '/home/hania/project/install/robot_description/lib/pkgconfig/robot_description.pc'
[2.750s] Level 1:colcon.colcon_core.environment:checking '/home/hania/project/install/robot_description/lib/python3.12/site-packages'
[2.751s] Level 1:colcon.colcon_core.environment:checking '/home/hania/project/install/robot_description/bin'
[2.751s] INFO:colcon.colcon_core.shell:Creating package script '/home/hania/project/install/robot_description/share/robot_description/package.ps1'
[2.752s] INFO:colcon.colcon_core.shell:Creating package descriptor '/home/hania/project/install/robot_description/share/robot_description/package.dsv'
[2.753s] INFO:colcon.colcon_core.shell:Creating package script '/home/hania/project/install/robot_description/share/robot_description/package.sh'
[2.754s] INFO:colcon.colcon_core.shell:Creating package script '/home/hania/project/install/robot_description/share/robot_description/package.bash'
[2.755s] INFO:colcon.colcon_core.shell:Creating package script '/home/hania/project/install/robot_description/share/robot_description/package.zsh'
[2.756s] Level 1:colcon.colcon_core.environment:create_file_with_runtime_dependencies(/home/hania/project/install/robot_description/share/colcon-core/packages/robot_description)
[2.758s] Level 1:colcon.colcon_core.shell:create_environment_hook('robot_controllers', 'pythonpath_develop')
[2.759s] INFO:colcon.colcon_core.shell:Creating environment hook '/home/hania/project/build/robot_controllers/share/robot_controllers/hook/pythonpath_develop.ps1'
[2.760s] INFO:colcon.colcon_core.shell:Creating environment descriptor '/home/hania/project/build/robot_controllers/share/robot_controllers/hook/pythonpath_develop.dsv'
[2.761s] DEBUG:colcon.colcon_core.event_handler.log_command:Invoked command in '/home/hania/project/build/robot_controllers' returned '0': DEBUGINFOD_URLS=https://debuginfod.ubuntu.com PYTHONPATH=/home/hania/project/build/robot_controllers/prefix_override:/usr/lib/python3/dist-packages/colcon_core/task/python/colcon_distutils_commands:/home/hania/project/install/robot_controllers/lib/python3.12/site-packages:${PYTHONPATH} /usr/bin/python3 -W ignore:setup.py install is deprecated -W ignore:easy_install command is deprecated setup.py develop --editable --build-directory /home/hania/project/build/robot_controllers/build --no-deps symlink_data
[2.761s] INFO:colcon.colcon_core.shell:Creating environment hook '/home/hania/project/build/robot_controllers/share/robot_controllers/hook/pythonpath_develop.sh'
[2.762s] Level 1:colcon.colcon_core.environment:checking '/home/hania/project/install/robot_controllers' for CMake module files
[2.762s] Level 1:colcon.colcon_core.environment:checking '/home/hania/project/install/robot_controllers' for CMake config files
[2.762s] Level 1:colcon.colcon_core.environment:checking '/home/hania/project/install/robot_controllers/lib'
[2.763s] Level 1:colcon.colcon_core.environment:checking '/home/hania/project/install/robot_controllers/bin'
[2.763s] Level 1:colcon.colcon_core.environment:checking '/home/hania/project/install/robot_controllers/lib/pkgconfig/robot_controllers.pc'
[2.763s] Level 1:colcon.colcon_core.environment:checking '/home/hania/project/install/robot_controllers/lib/python3.12/site-packages'
[2.763s] Level 1:colcon.colcon_core.shell:create_environment_hook('robot_controllers', 'pythonpath')
[2.763s] INFO:colcon.colcon_core.shell:Creating environment hook '/home/hania/project/install/robot_controllers/share/robot_controllers/hook/pythonpath.ps1'
[2.763s] INFO:colcon.colcon_core.shell:Creating environment descriptor '/home/hania/project/install/robot_controllers/share/robot_controllers/hook/pythonpath.dsv'
[2.764s] INFO:colcon.colcon_core.shell:Creating environment hook '/home/hania/project/install/robot_controllers/share/robot_controllers/hook/pythonpath.sh'
[2.764s] Level 1:colcon.colcon_core.environment:checking '/home/hania/project/install/robot_controllers/bin'
[2.764s] Level 1:colcon.colcon_core.environment:create_environment_scripts_only(robot_controllers)
[2.764s] INFO:colcon.colcon_core.shell:Creating package script '/home/hania/project/install/robot_controllers/share/robot_controllers/package.ps1'
[2.765s] INFO:colcon.colcon_core.shell:Creating package descriptor '/home/hania/project/install/robot_controllers/share/robot_controllers/package.dsv'
[2.765s] INFO:colcon.colcon_core.shell:Creating package script '/home/hania/project/install/robot_controllers/share/robot_controllers/package.sh'
[2.766s] INFO:colcon.colcon_core.shell:Creating package script '/home/hania/project/install/robot_controllers/share/robot_controllers/package.bash'
[2.766s] INFO:colcon.colcon_core.shell:Creating package script '/home/hania/project/install/robot_controllers/share/robot_controllers/package.zsh'
[2.766s] Level 1:colcon.colcon_core.environment:create_file_with_runtime_dependencies(/home/hania/project/install/robot_controllers/share/colcon-core/packages/robot_controllers)
[2.767s] INFO:colcon.colcon_ros.task.ament_python.build:Building ROS package in '/home/hania/project/src/robot_bringup' with build type 'ament_python'
[2.767s] Level 1:colcon.colcon_core.shell:create_environment_hook('robot_bringup', 'ament_prefix_path')
[2.767s] INFO:colcon.colcon_core.shell:Creating environment hook '/home/hania/project/install/robot_bringup/share/robot_bringup/hook/ament_prefix_path.ps1'
[2.769s] INFO:colcon.colcon_core.shell:Creating environment descriptor '/home/hania/project/install/robot_bringup/share/robot_bringup/hook/ament_prefix_path.dsv'
[2.769s] INFO:colcon.colcon_core.shell:Creating environment hook '/home/hania/project/install/robot_bringup/share/robot_bringup/hook/ament_prefix_path.sh'
[2.770s] INFO:colcon.colcon_core.shell:Skip shell extension 'powershell' for command environment: Not usable outside of PowerShell
[2.770s] DEBUG:colcon.colcon_core.shell:Skip shell extension 'dsv' for command environment
[3.040s] INFO:colcon.colcon_core.task.python.build:Building Python package in '/home/hania/project/src/robot_bringup'
[3.040s] INFO:colcon.colcon_core.shell:Skip shell extension 'powershell' for command environment: Not usable outside of PowerShell
[3.041s] DEBUG:colcon.colcon_core.shell:Skip shell extension 'dsv' for command environment
[3.726s] DEBUG:colcon.colcon_core.event_handler.log_command:Invoking command in '/home/hania/project/build/robot_bringup': AMENT_PREFIX_PATH=/home/hania/project/install/robot_controllers:/home/hania/project/install/robot_bringup:/home/hania/project/install/robot_description:/opt/ros/jazzy DEBUGINFOD_URLS=https://debuginfod.ubuntu.com PYTHONPATH=/home/hania/project/build/robot_bringup/prefix_override:/usr/lib/python3/dist-packages/colcon_core/task/python/colcon_distutils_commands:/home/hania/project/install/robot_bringup/lib/python3.12/site-packages:/home/hania/project/build/robot_controllers:/home/hania/project/install/robot_controllers/lib/python3.12/site-packages:/home/hania/project/build/robot_bringup:/home/hania/project/install/robot_bringup/lib/python3.12/site-packages:/opt/ros/jazzy/lib/python3.12/site-packages /usr/bin/python3 -W ignore:setup.py install is deprecated -W ignore:easy_install command is deprecated setup.py develop --editable --build-directory /home/hania/project/build/robot_bringup/build --no-deps symlink_data
[4.413s] Level 1:colcon.colcon_core.shell:create_environment_hook('robot_bringup', 'pythonpath_develop')
[4.413s] INFO:colcon.colcon_core.shell:Creating environment hook '/home/hania/project/build/robot_bringup/share/robot_bringup/hook/pythonpath_develop.ps1'
[4.414s] INFO:colcon.colcon_core.shell:Creating environment descriptor '/home/hania/project/build/robot_bringup/share/robot_bringup/hook/pythonpath_develop.dsv'
[4.415s] INFO:colcon.colcon_core.shell:Creating environment hook '/home/hania/project/build/robot_bringup/share/robot_bringup/hook/pythonpath_develop.sh'
[4.415s] Level 1:colcon.colcon_core.environment:checking '/home/hania/project/install/robot_bringup' for CMake module files
[4.416s] DEBUG:colcon.colcon_core.event_handler.log_command:Invoked command in '/home/hania/project/build/robot_bringup' returned '0': AMENT_PREFIX_PATH=/home/hania/project/install/robot_controllers:/home/hania/project/install/robot_bringup:/home/hania/project/install/robot_description:/opt/ros/jazzy DEBUGINFOD_URLS=https://debuginfod.ubuntu.com PYTHONPATH=/home/hania/project/build/robot_bringup/prefix_override:/usr/lib/python3/dist-packages/colcon_core/task/python/colcon_distutils_commands:/home/hania/project/install/robot_bringup/lib/python3.12/site-packages:/home/hania/project/build/robot_controllers:/home/hania/project/install/robot_controllers/lib/python3.12/site-packages:/home/hania/project/build/robot_bringup:/home/hania/project/install/robot_bringup/lib/python3.12/site-packages:/opt/ros/jazzy/lib/python3.12/site-packages /usr/bin/python3 -W ignore:setup.py install is deprecated -W ignore:easy_install command is deprecated setup.py develop --editable --build-directory /home/hania/project/build/robot_bringup/build --no-deps symlink_data
[4.416s] Level 1:colcon.colcon_core.environment:checking '/home/hania/project/install/robot_bringup' for CMake config files
[4.417s] Level 1:colcon.colcon_core.environment:checking '/home/hania/project/install/robot_bringup/lib'
[4.417s] Level 1:colcon.colcon_core.environment:checking '/home/hania/project/install/robot_bringup/bin'
[4.417s] Level 1:colcon.colcon_core.environment:checking '/home/hania/project/install/robot_bringup/lib/pkgconfig/robot_bringup.pc'
[4.417s] Level 1:colcon.colcon_core.environment:checking '/home/hania/project/install/robot_bringup/lib/python3.12/site-packages'
[4.417s] Level 1:colcon.colcon_core.shell:create_environment_hook('robot_bringup', 'pythonpath')
[4.418s] INFO:colcon.colcon_core.shell:Creating environment hook '/home/hania/project/install/robot_bringup/share/robot_bringup/hook/pythonpath.ps1'
[4.418s] INFO:colcon.colcon_core.shell:Creating environment descriptor '/home/hania/project/install/robot_bringup/share/robot_bringup/hook/pythonpath.dsv'
[4.418s] INFO:colcon.colcon_core.shell:Creating environment hook '/home/hania/project/install/robot_bringup/share/robot_bringup/hook/pythonpath.sh'
[4.419s] Level 1:colcon.colcon_core.environment:checking '/home/hania/project/install/robot_bringup/bin'
[4.419s] Level 1:colcon.colcon_core.environment:create_environment_scripts_only(robot_bringup)
[4.419s] INFO:colcon.colcon_core.shell:Creating package script '/home/hania/project/install/robot_bringup/share/robot_bringup/package.ps1'
[4.420s] INFO:colcon.colcon_core.shell:Creating package descriptor '/home/hania/project/install/robot_bringup/share/robot_bringup/package.dsv'
[4.420s] INFO:colcon.colcon_core.shell:Creating package script '/home/hania/project/install/robot_bringup/share/robot_bringup/package.sh'
[4.421s] INFO:colcon.colcon_core.shell:Creating package script '/home/hania/project/install/robot_bringup/share/robot_bringup/package.bash'
[4.421s] INFO:colcon.colcon_core.shell:Creating package script '/home/hania/project/install/robot_bringup/share/robot_bringup/package.zsh'
[4.421s] Level 1:colcon.colcon_core.environment:create_file_with_runtime_dependencies(/home/hania/project/install/robot_bringup/share/colcon-core/packages/robot_bringup)
[4.422s] DEBUG:colcon.colcon_parallel_executor.executor.parallel:closing loop
[4.423s] DEBUG:colcon.colcon_parallel_executor.executor.parallel:loop closed
[4.423s] DEBUG:colcon.colcon_parallel_executor.executor.parallel:run_until_complete finished with '0'
[4.423s] DEBUG:colcon.colcon_core.event_reactor:joining thread
[4.460s] INFO:colcon.colcon_core.plugin_system:Skipping extension 'colcon_notification.desktop_notification.terminal_notifier': Not used on non-Darwin systems
[4.460s] INFO:colcon.colcon_core.plugin_system:Skipping extension 'colcon_notification.desktop_notification.win32': Not used on non-Windows systems
[4.460s] INFO:colcon.colcon_notification.desktop_notification:Sending desktop notification using 'notify2'
[4.508s] DEBUG:colcon.colcon_core.event_reactor:joined thread
[4.509s] INFO:colcon.colcon_core.shell:Creating prefix script '/home/hania/project/install/local_setup.ps1'
[4.511s] INFO:colcon.colcon_core.shell:Creating prefix util module '/home/hania/project/install/_local_setup_util_ps1.py'
[4.514s] INFO:colcon.colcon_core.shell:Creating prefix chain script '/home/hania/project/install/setup.ps1'
[4.516s] INFO:colcon.colcon_core.shell:Creating prefix script '/home/hania/project/install/local_setup.sh'
[4.521s] INFO:colcon.colcon_core.shell:Creating prefix util module '/home/hania/project/install/_local_setup_util_sh.py'
[4.521s] INFO:colcon.colcon_core.shell:Creating prefix chain script '/home/hania/project/install/setup.sh'
[4.524s] INFO:colcon.colcon_core.shell:Creating prefix script '/home/hania/project/install/local_setup.bash'
[4.525s] INFO:colcon.colcon_core.shell:Creating prefix chain script '/home/hania/project/install/setup.bash'
[4.528s] INFO:colcon.colcon_core.shell:Creating prefix script '/home/hania/project/install/local_setup.zsh'
[4.530s] INFO:colcon.colcon_core.shell:Creating prefix chain script '/home/hania/project/install/setup.zsh'
