[0.263s] DEBUG:colcon:Command line arguments: ['/usr/bin/colcon', 'build', '--symlink-install']
[0.264s] DEBUG:colcon:Parsed command line arguments: Namespace(log_base=None, log_level=None, verb_name='build', build_base='build', install_base='install', merge_install=False, symlink_install=True, test_result_base=None, continue_on_error=False, executor='parallel', parallel_workers=5, event_handlers=None, ignore_user_meta=False, metas=['./colcon.meta'], base_paths=['.'], packages_ignore=None, packages_ignore_regex=None, paths=None, packages_up_to=None, packages_up_to_regex=None, packages_above=None, packages_above_and_dependencies=None, packages_above_depth=None, packages_select_by_dep=None, packages_skip_by_dep=None, packages_skip_up_to=None, packages_select_build_failed=False, packages_skip_build_finished=False, packages_select_test_failures=False, packages_skip_test_passed=False, packages_select=None, packages_skip=None, packages_select_regex=None, packages_skip_regex=None, packages_start=None, packages_end=None, allow_overriding=[], cmake_args=None, cmake_target=None, cmake_target_skip_unavailable=False, cmake_clean_cache=False, cmake_clean_first=False, cmake_force_configure=False, ament_cmake_args=None, catkin_cmake_args=None, catkin_skip_building_tests=False, verb_parser=<colcon_defaults.argument_parser.defaults.DefaultArgumentsDecorator object at 0x7c49eba7a630>, verb_extension=<colcon_core.verb.build.BuildVerb object at 0x7c49eba7a4b0>, main=<bound method BuildVerb.main of <colcon_core.verb.build.BuildVerb object at 0x7c49eba7a4b0>>)
[0.316s] Level 1:colcon.colcon_core.package_discovery:discover_packages(colcon_meta) check parameters
[0.316s] Level 1:colcon.colcon_core.package_discovery:discover_packages(recursive) check parameters
[0.316s] Level 1:colcon.colcon_core.package_discovery:discover_packages(ignore) check parameters
[0.316s] Level 1:colcon.colcon_core.package_discovery:discover_packages(path) check parameters
[0.316s] Level 1:colcon.colcon_core.package_discovery:discover_packages(colcon_meta) discover
[0.317s] Level 1:colcon.colcon_core.package_discovery:discover_packages(recursive) discover
[0.317s] INFO:colcon.colcon_core.package_discovery:Crawling recursively for packages in '/home/hania/project'
[0.317s] Level 1:colcon.colcon_core.package_identification:_identify(.) by extensions ['ignore', 'ignore_ament_install']
[0.317s] Level 1:colcon.colcon_core.package_identification:_identify(.) by extension 'ignore'
[0.317s] Level 1:colcon.colcon_core.package_identification:_identify(.) by extension 'ignore_ament_install'
[0.317s] Level 1:colcon.colcon_core.package_identification:_identify(.) by extensions ['colcon_pkg']
[0.317s] Level 1:colcon.colcon_core.package_identification:_identify(.) by extension 'colcon_pkg'
[0.317s] Level 1:colcon.colcon_core.package_identification:_identify(.) by extensions ['colcon_meta']
[0.317s] Level 1:colcon.colcon_core.package_identification:_identify(.) by extension 'colcon_meta'
[0.317s] Level 1:colcon.colcon_core.package_identification:_identify(.) by extensions ['ros']
[0.317s] Level 1:colcon.colcon_core.package_identification:_identify(.) by extension 'ros'
[0.352s] Level 1:colcon.colcon_core.package_identification:_identify(.) by extensions ['cmake', 'python']
[0.352s] Level 1:colcon.colcon_core.package_identification:_identify(.) by extension 'cmake'
[0.352s] Level 1:colcon.colcon_core.package_identification:_identify(.) by extension 'python'
[0.352s] Level 1:colcon.colcon_core.package_identification:_identify(.) by extensions ['python_setup_py']
[0.352s] Level 1:colcon.colcon_core.package_identification:_identify(.) by extension 'python_setup_py'
[0.352s] Level 1:colcon.colcon_core.package_identification:_identify(build) by extensions ['ignore', 'ignore_ament_install']
[0.352s] Level 1:colcon.colcon_core.package_identification:_identify(build) by extension 'ignore'
[0.352s] Level 1:colcon.colcon_core.package_identification:_identify(build) ignored
[0.352s] Level 1:colcon.colcon_core.package_identification:_identify(install) by extensions ['ignore', 'ignore_ament_install']
[0.353s] Level 1:colcon.colcon_core.package_identification:_identify(install) by extension 'ignore'
[0.353s] Level 1:colcon.colcon_core.package_identification:_identify(install) ignored
[0.353s] Level 1:colcon.colcon_core.package_identification:_identify(log) by extensions ['ignore', 'ignore_ament_install']
[0.353s] Level 1:colcon.colcon_core.package_identification:_identify(log) by extension 'ignore'
[0.353s] Level 1:colcon.colcon_core.package_identification:_identify(log) ignored
[0.353s] Level 1:colcon.colcon_core.package_identification:_identify(src) by extensions ['ignore', 'ignore_ament_install']
[0.353s] Level 1:colcon.colcon_core.package_identification:_identify(src) by extension 'ignore'
[0.353s] Level 1:colcon.colcon_core.package_identification:_identify(src) by extension 'ignore_ament_install'
[0.353s] Level 1:colcon.colcon_core.package_identification:_identify(src) by extensions ['colcon_pkg']
[0.353s] Level 1:colcon.colcon_core.package_identification:_identify(src) by extension 'colcon_pkg'
[0.353s] Level 1:colcon.colcon_core.package_identification:_identify(src) by extensions ['colcon_meta']
[0.353s] Level 1:colcon.colcon_core.package_identification:_identify(src) by extension 'colcon_meta'
[0.353s] Level 1:colcon.colcon_core.package_identification:_identify(src) by extensions ['ros']
[0.353s] Level 1:colcon.colcon_core.package_identification:_identify(src) by extension 'ros'
[0.353s] Level 1:colcon.colcon_core.package_identification:_identify(src) by extensions ['cmake', 'python']
[0.353s] Level 1:colcon.colcon_core.package_identification:_identify(src) by extension 'cmake'
[0.353s] Level 1:colcon.colcon_core.package_identification:_identify(src) by extension 'python'
[0.354s] Level 1:colcon.colcon_core.package_identification:_identify(src) by extensions ['python_setup_py']
[0.354s] Level 1:colcon.colcon_core.package_identification:_identify(src) by extension 'python_setup_py'
[0.354s] Level 1:colcon.colcon_core.package_identification:_identify(src/robot_bringup) by extensions ['ignore', 'ignore_ament_install']
[0.354s] Level 1:colcon.colcon_core.package_identification:_identify(src/robot_bringup) by extension 'ignore'
[0.354s] Level 1:colcon.colcon_core.package_identification:_identify(src/robot_bringup) by extension 'ignore_ament_install'
[0.354s] Level 1:colcon.colcon_core.package_identification:_identify(src/robot_bringup) by extensions ['colcon_pkg']
[0.354s] Level 1:colcon.colcon_core.package_identification:_identify(src/robot_bringup) by extension 'colcon_pkg'
[0.354s] Level 1:colcon.colcon_core.package_identification:_identify(src/robot_bringup) by extensions ['colcon_meta']
[0.354s] Level 1:colcon.colcon_core.package_identification:_identify(src/robot_bringup) by extension 'colcon_meta'
[0.354s] Level 1:colcon.colcon_core.package_identification:_identify(src/robot_bringup) by extensions ['ros']
[0.354s] Level 1:colcon.colcon_core.package_identification:_identify(src/robot_bringup) by extension 'ros'
[0.358s] DEBUG:colcon.colcon_core.package_identification:Package 'src/robot_bringup' with type 'ros.ament_python' and name 'robot_bringup'
[0.358s] Level 1:colcon.colcon_core.package_identification:_identify(src/robot_controllers) by extensions ['ignore', 'ignore_ament_install']
[0.358s] Level 1:colcon.colcon_core.package_identification:_identify(src/robot_controllers) by extension 'ignore'
[0.358s] Level 1:colcon.colcon_core.package_identification:_identify(src/robot_controllers) by extension 'ignore_ament_install'
[0.358s] Level 1:colcon.colcon_core.package_identification:_identify(src/robot_controllers) by extensions ['colcon_pkg']
[0.358s] Level 1:colcon.colcon_core.package_identification:_identify(src/robot_controllers) by extension 'colcon_pkg'
[0.358s] Level 1:colcon.colcon_core.package_identification:_identify(src/robot_controllers) by extensions ['colcon_meta']
[0.358s] Level 1:colcon.colcon_core.package_identification:_identify(src/robot_controllers) by extension 'colcon_meta'
[0.358s] Level 1:colcon.colcon_core.package_identification:_identify(src/robot_controllers) by extensions ['ros']
[0.358s] Level 1:colcon.colcon_core.package_identification:_identify(src/robot_controllers) by extension 'ros'
[0.359s] DEBUG:colcon.colcon_core.package_identification:Package 'src/robot_controllers' with type 'ros.ament_python' and name 'robot_controllers'
[0.359s] Level 1:colcon.colcon_core.package_identification:_identify(src/robot_description) by extensions ['ignore', 'ignore_ament_install']
[0.359s] Level 1:colcon.colcon_core.package_identification:_identify(src/robot_description) by extension 'ignore'
[0.359s] Level 1:colcon.colcon_core.package_identification:_identify(src/robot_description) by extension 'ignore_ament_install'
[0.359s] Level 1:colcon.colcon_core.package_identification:_identify(src/robot_description) by extensions ['colcon_pkg']
[0.359s] Level 1:colcon.colcon_core.package_identification:_identify(src/robot_description) by extension 'colcon_pkg'
[0.360s] Level 1:colcon.colcon_core.package_identification:_identify(src/robot_description) by extensions ['colcon_meta']
[0.360s] Level 1:colcon.colcon_core.package_identification:_identify(src/robot_description) by extension 'colcon_meta'
[0.360s] Level 1:colcon.colcon_core.package_identification:_identify(src/robot_description) by extensions ['ros']
[0.360s] Level 1:colcon.colcon_core.package_identification:_identify(src/robot_description) by extension 'ros'
[0.360s] DEBUG:colcon.colcon_core.package_identification:Package 'src/robot_description' with type 'ros.ament_cmake' and name 'robot_description'
[0.360s] Level 1:colcon.colcon_core.package_discovery:discover_packages(recursive) using defaults
[0.360s] Level 1:colcon.colcon_core.package_discovery:discover_packages(ignore) discover
[0.360s] Level 1:colcon.colcon_core.package_discovery:discover_packages(ignore) using defaults
[0.360s] Level 1:colcon.colcon_core.package_discovery:discover_packages(path) discover
[0.360s] Level 1:colcon.colcon_core.package_discovery:discover_packages(path) using defaults
[0.401s] Level 1:colcon.colcon_core.package_discovery:discover_packages(prefix_path) check parameters
[0.401s] Level 1:colcon.colcon_core.package_discovery:discover_packages(prefix_path) discover
[0.405s] WARNING:colcon.colcon_ros.prefix_path.ament:The path '/home/hania/project/install/robot_bringup' in the environment variable AMENT_PREFIX_PATH doesn't exist
[0.406s] WARNING:colcon.colcon_ros.prefix_path.ament:The path '/home/hania/project/install/robot_description' in the environment variable AMENT_PREFIX_PATH doesn't exist
[0.406s] WARNING:colcon.colcon_ros.prefix_path.ament:The path '/home/hania/project/install/robot_controllers' in the environment variable AMENT_PREFIX_PATH doesn't exist
[0.406s] WARNING:colcon.colcon_ros.prefix_path.catkin:The path '/home/hania/project/install/robot_description' in the environment variable CMAKE_PREFIX_PATH doesn't exist
[0.411s] DEBUG:colcon.colcon_installed_package_information.package_discovery:Found 0 installed packages in /home/hania/project/install
[0.412s] DEBUG:colcon.colcon_installed_package_information.package_discovery:Found 1 installed packages in /home/hania/install
[0.415s] DEBUG:colcon.colcon_installed_package_information.package_discovery:Found 373 installed packages in /opt/ros/jazzy
[0.417s] Level 1:colcon.colcon_core.package_discovery:discover_packages(prefix_path) using defaults
[0.492s] Level 5:colcon.colcon_core.verb:set package 'robot_controllers' build argument 'cmake_args' from command line to 'None'
[0.492s] Level 5:colcon.colcon_core.verb:set package 'robot_controllers' build argument 'cmake_target' from command line to 'None'
[0.492s] Level 5:colcon.colcon_core.verb:set package 'robot_controllers' build argument 'cmake_target_skip_unavailable' from command line to 'False'
[0.493s] Level 5:colcon.colcon_core.verb:set package 'robot_controllers' build argument 'cmake_clean_cache' from command line to 'False'
[0.493s] Level 5:colcon.colcon_core.verb:set package 'robot_controllers' build argument 'cmake_clean_first' from command line to 'False'
[0.493s] Level 5:colcon.colcon_core.verb:set package 'robot_controllers' build argument 'cmake_force_configure' from command line to 'False'
[0.493s] Level 5:colcon.colcon_core.verb:set package 'robot_controllers' build argument 'ament_cmake_args' from command line to 'None'
[0.493s] Level 5:colcon.colcon_core.verb:set package 'robot_controllers' build argument 'catkin_cmake_args' from command line to 'None'
[0.493s] Level 5:colcon.colcon_core.verb:set package 'robot_controllers' build argument 'catkin_skip_building_tests' from command line to 'False'
[0.493s] DEBUG:colcon.colcon_core.verb:Building package 'robot_controllers' with the following arguments: {'ament_cmake_args': None, 'build_base': '/home/hania/project/build/robot_controllers', 'catkin_cmake_args': None, 'catkin_skip_building_tests': False, 'cmake_args': None, 'cmake_clean_cache': False, 'cmake_clean_first': False, 'cmake_force_configure': False, 'cmake_target': None, 'cmake_target_skip_unavailable': False, 'install_base': '/home/hania/project/install/robot_controllers', 'merge_install': False, 'path': '/home/hania/project/src/robot_controllers', 'symlink_install': True, 'test_result_base': None}
[0.493s] Level 5:colcon.colcon_core.verb:set package 'robot_description' build argument 'cmake_args' from command line to 'None'
[0.493s] Level 5:colcon.colcon_core.verb:set package 'robot_description' build argument 'cmake_target' from command line to 'None'
[0.493s] Level 5:colcon.colcon_core.verb:set package 'robot_description' build argument 'cmake_target_skip_unavailable' from command line to 'False'
[0.493s] Level 5:colcon.colcon_core.verb:set package 'robot_description' build argument 'cmake_clean_cache' from command line to 'False'
[0.493s] Level 5:colcon.colcon_core.verb:set package 'robot_description' build argument 'cmake_clean_first' from command line to 'False'
[0.493s] Level 5:colcon.colcon_core.verb:set package 'robot_description' build argument 'cmake_force_configure' from command line to 'False'
[0.493s] Level 5:colcon.colcon_core.verb:set package 'robot_description' build argument 'ament_cmake_args' from command line to 'None'
[0.493s] Level 5:colcon.colcon_core.verb:set package 'robot_description' build argument 'catkin_cmake_args' from command line to 'None'
[0.493s] Level 5:colcon.colcon_core.verb:set package 'robot_description' build argument 'catkin_skip_building_tests' from command line to 'False'
[0.493s] DEBUG:colcon.colcon_core.verb:Building package 'robot_description' with the following arguments: {'ament_cmake_args': None, 'build_base': '/home/hania/project/build/robot_description', 'catkin_cmake_args': None, 'catkin_skip_building_tests': False, 'cmake_args': None, 'cmake_clean_cache': False, 'cmake_clean_first': False, 'cmake_force_configure': False, 'cmake_target': None, 'cmake_target_skip_unavailable': False, 'install_base': '/home/hania/project/install/robot_description', 'merge_install': False, 'path': '/home/hania/project/src/robot_description', 'symlink_install': True, 'test_result_base': None}
[0.493s] Level 5:colcon.colcon_core.verb:set package 'robot_bringup' build argument 'cmake_args' from command line to 'None'
[0.493s] Level 5:colcon.colcon_core.verb:set package 'robot_bringup' build argument 'cmake_target' from command line to 'None'
[0.493s] Level 5:colcon.colcon_core.verb:set package 'robot_bringup' build argument 'cmake_target_skip_unavailable' from command line to 'False'
[0.493s] Level 5:colcon.colcon_core.verb:set package 'robot_bringup' build argument 'cmake_clean_cache' from command line to 'False'
[0.493s] Level 5:colcon.colcon_core.verb:set package 'robot_bringup' build argument 'cmake_clean_first' from command line to 'False'
[0.493s] Level 5:colcon.colcon_core.verb:set package 'robot_bringup' build argument 'cmake_force_configure' from command line to 'False'
[0.493s] Level 5:colcon.colcon_core.verb:set package 'robot_bringup' build argument 'ament_cmake_args' from command line to 'None'
[0.493s] Level 5:colcon.colcon_core.verb:set package 'robot_bringup' build argument 'catkin_cmake_args' from command line to 'None'
[0.494s] Level 5:colcon.colcon_core.verb:set package 'robot_bringup' build argument 'catkin_skip_building_tests' from command line to 'False'
[0.494s] DEBUG:colcon.colcon_core.verb:Building package 'robot_bringup' with the following arguments: {'ament_cmake_args': None, 'build_base': '/home/hania/project/build/robot_bringup', 'catkin_cmake_args': None, 'catkin_skip_building_tests': False, 'cmake_args': None, 'cmake_clean_cache': False, 'cmake_clean_first': False, 'cmake_force_configure': False, 'cmake_target': None, 'cmake_target_skip_unavailable': False, 'install_base': '/home/hania/project/install/robot_bringup', 'merge_install': False, 'path': '/home/hania/project/src/robot_bringup', 'symlink_install': True, 'test_result_base': None}
[0.494s] INFO:colcon.colcon_core.executor:Executing jobs using 'parallel' executor
[0.498s] DEBUG:colcon.colcon_parallel_executor.executor.parallel:run_until_complete
[0.500s] INFO:colcon.colcon_ros.task.ament_python.build:Building ROS package in '/home/hania/project/src/robot_controllers' with build type 'ament_python'
[0.500s] Level 1:colcon.colcon_core.shell:create_environment_hook('robot_controllers', 'ament_prefix_path')
[0.515s] INFO:colcon.colcon_core.plugin_system:Skipping extension 'colcon_core.shell.bat': Not used on non-Windows systems
[0.515s] INFO:colcon.colcon_core.shell:Creating environment hook '/home/hania/project/install/robot_controllers/share/robot_controllers/hook/ament_prefix_path.ps1'
[0.516s] INFO:colcon.colcon_core.shell:Creating environment descriptor '/home/hania/project/install/robot_controllers/share/robot_controllers/hook/ament_prefix_path.dsv'
[0.516s] INFO:colcon.colcon_core.shell:Creating environment hook '/home/hania/project/install/robot_controllers/share/robot_controllers/hook/ament_prefix_path.sh'
[0.517s] INFO:colcon.colcon_core.shell:Skip shell extension 'powershell' for command environment: Not usable outside of PowerShell
[0.517s] DEBUG:colcon.colcon_core.shell:Skip shell extension 'dsv' for command environment
[0.525s] INFO:colcon.colcon_ros.task.ament_cmake.build:Building ROS package in '/home/hania/project/src/robot_description' with build type 'ament_cmake'
[0.525s] INFO:colcon.colcon_cmake.task.cmake.build:Building CMake package in '/home/hania/project/src/robot_description'
[0.526s] INFO:colcon.colcon_core.shell:Skip shell extension 'powershell' for command environment: Not usable outside of PowerShell
[0.526s] DEBUG:colcon.colcon_core.shell:Skip shell extension 'dsv' for command environment
[0.854s] INFO:colcon.colcon_core.task.python.build:Building Python package in '/home/hania/project/src/robot_controllers'
[0.854s] INFO:colcon.colcon_core.shell:Skip shell extension 'powershell' for command environment: Not usable outside of PowerShell
[0.854s] DEBUG:colcon.colcon_core.shell:Skip shell extension 'dsv' for command environment
[0.869s] DEBUG:colcon.colcon_core.event_handler.log_command:Invoking command in '/home/hania/project/build/robot_description': CMAKE_PREFIX_PATH=${CMAKE_PREFIX_PATH}:/home/hania/project/install/robot_bringup:/home/hania/project/install/robot_controllers:/opt/ros/jazzy DEBUGINFOD_URLS=https://debuginfod.ubuntu.com /usr/bin/cmake /home/hania/project/src/robot_description -DAMENT_CMAKE_SYMLINK_INSTALL=1 -DCMAKE_INSTALL_PREFIX=/home/hania/project/install/robot_description
[2.029s] DEBUG:colcon.colcon_core.event_handler.log_command:Invoking command in '/home/hania/project/build/robot_controllers': DEBUGINFOD_URLS=https://debuginfod.ubuntu.com PYTHONPATH=/home/hania/project/build/robot_controllers/prefix_override:/usr/lib/python3/dist-packages/colcon_core/task/python/colcon_distutils_commands:/home/hania/project/install/robot_controllers/lib/python3.12/site-packages:${PYTHONPATH} /usr/bin/python3 -W ignore:setup.py install is deprecated -W ignore:easy_install command is deprecated setup.py develop --editable --build-directory /home/hania/project/build/robot_controllers/build --no-deps symlink_data
[2.702s] DEBUG:colcon.colcon_core.event_handler.log_command:Invoked command in '/home/hania/project/build/robot_description' returned '0': CMAKE_PREFIX_PATH=${CMAKE_PREFIX_PATH}:/home/hania/project/install/robot_bringup:/home/hania/project/install/robot_controllers:/opt/ros/jazzy DEBUGINFOD_URLS=https://debuginfod.ubuntu.com /usr/bin/cmake /home/hania/project/src/robot_description -DAMENT_CMAKE_SYMLINK_INSTALL=1 -DCMAKE_INSTALL_PREFIX=/home/hania/project/install/robot_description
[2.702s] DEBUG:colcon.colcon_core.event_handler.log_command:Invoking command in '/home/hania/project/build/robot_description': CMAKE_PREFIX_PATH=${CMAKE_PREFIX_PATH}:/home/hania/project/install/robot_bringup:/home/hania/project/install/robot_controllers:/opt/ros/jazzy DEBUGINFOD_URLS=https://debuginfod.ubuntu.com /usr/bin/cmake --build /home/hania/project/build/robot_description -- -j5 -l5
[2.784s] DEBUG:colcon.colcon_core.event_handler.log_command:Invoked command in '/home/hania/project/build/robot_description' returned '0': CMAKE_PREFIX_PATH=${CMAKE_PREFIX_PATH}:/home/hania/project/install/robot_bringup:/home/hania/project/install/robot_controllers:/opt/ros/jazzy DEBUGINFOD_URLS=https://debuginfod.ubuntu.com /usr/bin/cmake --build /home/hania/project/build/robot_description -- -j5 -l5
[2.808s] DEBUG:colcon.colcon_core.event_handler.log_command:Invoking command in '/home/hania/project/build/robot_description': CMAKE_PREFIX_PATH=${CMAKE_PREFIX_PATH}:/home/hania/project/install/robot_bringup:/home/hania/project/install/robot_controllers:/opt/ros/jazzy DEBUGINFOD_URLS=https://debuginfod.ubuntu.com /usr/bin/cmake --install /home/hania/project/build/robot_description
[3.113s] Level 1:colcon.colcon_core.shell:create_environment_hook('robot_controllers', 'pythonpath_develop')
[3.114s] INFO:colcon.colcon_core.shell:Creating environment hook '/home/hania/project/build/robot_controllers/share/robot_controllers/hook/pythonpath_develop.ps1'
[3.117s] DEBUG:colcon.colcon_core.event_handler.log_command:Invoked command in '/home/hania/project/build/robot_controllers' returned '0': DEBUGINFOD_URLS=https://debuginfod.ubuntu.com PYTHONPATH=/home/hania/project/build/robot_controllers/prefix_override:/usr/lib/python3/dist-packages/colcon_core/task/python/colcon_distutils_commands:/home/hania/project/install/robot_controllers/lib/python3.12/site-packages:${PYTHONPATH} /usr/bin/python3 -W ignore:setup.py install is deprecated -W ignore:easy_install command is deprecated setup.py develop --editable --build-directory /home/hania/project/build/robot_controllers/build --no-deps symlink_data
[3.118s] INFO:colcon.colcon_core.shell:Creating environment descriptor '/home/hania/project/build/robot_controllers/share/robot_controllers/hook/pythonpath_develop.dsv'
[3.118s] INFO:colcon.colcon_core.shell:Creating environment hook '/home/hania/project/build/robot_controllers/share/robot_controllers/hook/pythonpath_develop.sh'
[3.133s] Level 1:colcon.colcon_core.environment:checking '/home/hania/project/install/robot_controllers' for CMake module files
[3.134s] Level 1:colcon.colcon_core.environment:checking '/home/hania/project/install/robot_controllers' for CMake config files
[3.135s] Level 1:colcon.colcon_core.environment:checking '/home/hania/project/install/robot_controllers/lib'
[3.135s] Level 1:colcon.colcon_core.environment:checking '/home/hania/project/install/robot_controllers/bin'
[3.136s] Level 1:colcon.colcon_core.environment:checking '/home/hania/project/install/robot_controllers/lib/pkgconfig/robot_controllers.pc'
[3.136s] Level 1:colcon.colcon_core.environment:checking '/home/hania/project/install/robot_controllers/lib/python3.12/site-packages'
[3.137s] Level 1:colcon.colcon_core.shell:create_environment_hook('robot_controllers', 'pythonpath')
[3.140s] INFO:colcon.colcon_core.shell:Creating environment hook '/home/hania/project/install/robot_controllers/share/robot_controllers/hook/pythonpath.ps1'
[3.144s] INFO:colcon.colcon_core.shell:Creating environment descriptor '/home/hania/project/install/robot_controllers/share/robot_controllers/hook/pythonpath.dsv'
[3.145s] INFO:colcon.colcon_core.shell:Creating environment hook '/home/hania/project/install/robot_controllers/share/robot_controllers/hook/pythonpath.sh'
[3.146s] Level 1:colcon.colcon_core.environment:checking '/home/hania/project/install/robot_controllers/bin'
[3.146s] Level 1:colcon.colcon_core.environment:create_environment_scripts_only(robot_controllers)
[3.146s] INFO:colcon.colcon_core.shell:Creating package script '/home/hania/project/install/robot_controllers/share/robot_controllers/package.ps1'
[3.148s] INFO:colcon.colcon_core.shell:Creating package descriptor '/home/hania/project/install/robot_controllers/share/robot_controllers/package.dsv'
[3.149s] INFO:colcon.colcon_core.shell:Creating package script '/home/hania/project/install/robot_controllers/share/robot_controllers/package.sh'
[3.150s] INFO:colcon.colcon_core.shell:Creating package script '/home/hania/project/install/robot_controllers/share/robot_controllers/package.bash'
[3.151s] INFO:colcon.colcon_core.shell:Creating package script '/home/hania/project/install/robot_controllers/share/robot_controllers/package.zsh'
[3.151s] Level 1:colcon.colcon_core.environment:create_file_with_runtime_dependencies(/home/hania/project/install/robot_controllers/share/colcon-core/packages/robot_controllers)
[3.356s] Level 1:colcon.colcon_core.environment:create_environment_scripts_only(robot_description)
[3.356s] Level 1:colcon.colcon_core.environment:checking '/home/hania/project/install/robot_description' for CMake module files
[3.358s] DEBUG:colcon.colcon_core.event_handler.log_command:Invoked command in '/home/hania/project/build/robot_description' returned '0': CMAKE_PREFIX_PATH=${CMAKE_PREFIX_PATH}:/home/hania/project/install/robot_bringup:/home/hania/project/install/robot_controllers:/opt/ros/jazzy DEBUGINFOD_URLS=https://debuginfod.ubuntu.com /usr/bin/cmake --install /home/hania/project/build/robot_description
[3.358s] Level 1:colcon.colcon_core.environment:checking '/home/hania/project/install/robot_description' for CMake config files
[3.359s] Level 1:colcon.colcon_core.shell:create_environment_hook('robot_description', 'cmake_prefix_path')
[3.359s] INFO:colcon.colcon_core.shell:Creating environment hook '/home/hania/project/install/robot_description/share/robot_description/hook/cmake_prefix_path.ps1'
[3.360s] INFO:colcon.colcon_core.shell:Creating environment descriptor '/home/hania/project/install/robot_description/share/robot_description/hook/cmake_prefix_path.dsv'
[3.360s] INFO:colcon.colcon_core.shell:Creating environment hook '/home/hania/project/install/robot_description/share/robot_description/hook/cmake_prefix_path.sh'
[3.361s] Level 1:colcon.colcon_core.environment:checking '/home/hania/project/install/robot_description/bin'
[3.361s] Level 1:colcon.colcon_core.environment:checking '/home/hania/project/install/robot_description/lib/pkgconfig/robot_description.pc'
[3.361s] Level 1:colcon.colcon_core.environment:checking '/home/hania/project/install/robot_description/lib/python3.12/site-packages'
[3.361s] Level 1:colcon.colcon_core.environment:checking '/home/hania/project/install/robot_description/bin'
[3.362s] INFO:colcon.colcon_core.shell:Creating package script '/home/hania/project/install/robot_description/share/robot_description/package.ps1'
[3.362s] INFO:colcon.colcon_core.shell:Creating package descriptor '/home/hania/project/install/robot_description/share/robot_description/package.dsv'
[3.363s] INFO:colcon.colcon_core.shell:Creating package script '/home/hania/project/install/robot_description/share/robot_description/package.sh'
[3.363s] INFO:colcon.colcon_core.shell:Creating package script '/home/hania/project/install/robot_description/share/robot_description/package.bash'
[3.364s] INFO:colcon.colcon_core.shell:Creating package script '/home/hania/project/install/robot_description/share/robot_description/package.zsh'
[3.364s] Level 1:colcon.colcon_core.environment:create_file_with_runtime_dependencies(/home/hania/project/install/robot_description/share/colcon-core/packages/robot_description)
[3.365s] Level 1:colcon.colcon_core.environment:create_environment_scripts_only(robot_description)
[3.365s] Level 1:colcon.colcon_core.environment:checking '/home/hania/project/install/robot_description' for CMake module files
[3.366s] Level 1:colcon.colcon_core.environment:checking '/home/hania/project/install/robot_description' for CMake config files
[3.366s] Level 1:colcon.colcon_core.shell:create_environment_hook('robot_description', 'cmake_prefix_path')
[3.367s] INFO:colcon.colcon_core.shell:Creating environment hook '/home/hania/project/install/robot_description/share/robot_description/hook/cmake_prefix_path.ps1'
[3.367s] INFO:colcon.colcon_core.shell:Creating environment descriptor '/home/hania/project/install/robot_description/share/robot_description/hook/cmake_prefix_path.dsv'
[3.368s] INFO:colcon.colcon_core.shell:Creating environment hook '/home/hania/project/install/robot_description/share/robot_description/hook/cmake_prefix_path.sh'
[3.369s] Level 1:colcon.colcon_core.environment:checking '/home/hania/project/install/robot_description/bin'
[3.369s] Level 1:colcon.colcon_core.environment:checking '/home/hania/project/install/robot_description/lib/pkgconfig/robot_description.pc'
[3.370s] Level 1:colcon.colcon_core.environment:checking '/home/hania/project/install/robot_description/lib/python3.12/site-packages'
[3.370s] Level 1:colcon.colcon_core.environment:checking '/home/hania/project/install/robot_description/bin'
[3.370s] INFO:colcon.colcon_core.shell:Creating package script '/home/hania/project/install/robot_description/share/robot_description/package.ps1'
[3.371s] INFO:colcon.colcon_core.shell:Creating package descriptor '/home/hania/project/install/robot_description/share/robot_description/package.dsv'
[3.372s] INFO:colcon.colcon_core.shell:Creating package script '/home/hania/project/install/robot_description/share/robot_description/package.sh'
[3.374s] INFO:colcon.colcon_core.shell:Creating package script '/home/hania/project/install/robot_description/share/robot_description/package.bash'
[3.375s] INFO:colcon.colcon_core.shell:Creating package script '/home/hania/project/install/robot_description/share/robot_description/package.zsh'
[3.376s] Level 1:colcon.colcon_core.environment:create_file_with_runtime_dependencies(/home/hania/project/install/robot_description/share/colcon-core/packages/robot_description)
[3.382s] INFO:colcon.colcon_ros.task.ament_python.build:Building ROS package in '/home/hania/project/src/robot_bringup' with build type 'ament_python'
[3.382s] Level 1:colcon.colcon_core.shell:create_environment_hook('robot_bringup', 'ament_prefix_path')
[3.383s] INFO:colcon.colcon_core.shell:Creating environment hook '/home/hania/project/install/robot_bringup/share/robot_bringup/hook/ament_prefix_path.ps1'
[3.385s] INFO:colcon.colcon_core.shell:Creating environment descriptor '/home/hania/project/install/robot_bringup/share/robot_bringup/hook/ament_prefix_path.dsv'
[3.386s] INFO:colcon.colcon_core.shell:Creating environment hook '/home/hania/project/install/robot_bringup/share/robot_bringup/hook/ament_prefix_path.sh'
[3.389s] INFO:colcon.colcon_core.shell:Skip shell extension 'powershell' for command environment: Not usable outside of PowerShell
[3.389s] DEBUG:colcon.colcon_core.shell:Skip shell extension 'dsv' for command environment
[3.872s] INFO:colcon.colcon_core.task.python.build:Building Python package in '/home/hania/project/src/robot_bringup'
[3.873s] INFO:colcon.colcon_core.shell:Skip shell extension 'powershell' for command environment: Not usable outside of PowerShell
[3.873s] DEBUG:colcon.colcon_core.shell:Skip shell extension 'dsv' for command environment
[5.065s] DEBUG:colcon.colcon_core.event_handler.log_command:Invoking command in '/home/hania/project/build/robot_bringup': AMENT_PREFIX_PATH=/home/hania/project/install/robot_controllers:/home/hania/project/install/robot_bringup:/home/hania/project/install/robot_description:/opt/ros/jazzy DEBUGINFOD_URLS=https://debuginfod.ubuntu.com PYTHONPATH=/home/hania/project/build/robot_bringup/prefix_override:/usr/lib/python3/dist-packages/colcon_core/task/python/colcon_distutils_commands:/home/hania/project/install/robot_bringup/lib/python3.12/site-packages:/home/hania/project/build/robot_controllers:/home/hania/project/install/robot_controllers/lib/python3.12/site-packages:/home/hania/project/build/robot_bringup:/home/hania/project/install/robot_bringup/lib/python3.12/site-packages:/opt/ros/jazzy/lib/python3.12/site-packages /usr/bin/python3 -W ignore:setup.py install is deprecated -W ignore:easy_install command is deprecated setup.py develop --editable --build-directory /home/hania/project/build/robot_bringup/build --no-deps symlink_data
[6.346s] Level 1:colcon.colcon_core.shell:create_environment_hook('robot_bringup', 'pythonpath_develop')
[6.347s] DEBUG:colcon.colcon_core.event_handler.log_command:Invoked command in '/home/hania/project/build/robot_bringup' returned '0': AMENT_PREFIX_PATH=/home/hania/project/install/robot_controllers:/home/hania/project/install/robot_bringup:/home/hania/project/install/robot_description:/opt/ros/jazzy DEBUGINFOD_URLS=https://debuginfod.ubuntu.com PYTHONPATH=/home/hania/project/build/robot_bringup/prefix_override:/usr/lib/python3/dist-packages/colcon_core/task/python/colcon_distutils_commands:/home/hania/project/install/robot_bringup/lib/python3.12/site-packages:/home/hania/project/build/robot_controllers:/home/hania/project/install/robot_controllers/lib/python3.12/site-packages:/home/hania/project/build/robot_bringup:/home/hania/project/install/robot_bringup/lib/python3.12/site-packages:/opt/ros/jazzy/lib/python3.12/site-packages /usr/bin/python3 -W ignore:setup.py install is deprecated -W ignore:easy_install command is deprecated setup.py develop --editable --build-directory /home/hania/project/build/robot_bringup/build --no-deps symlink_data
[6.347s] INFO:colcon.colcon_core.shell:Creating environment hook '/home/hania/project/build/robot_bringup/share/robot_bringup/hook/pythonpath_develop.ps1'
[6.350s] INFO:colcon.colcon_core.shell:Creating environment descriptor '/home/hania/project/build/robot_bringup/share/robot_bringup/hook/pythonpath_develop.dsv'
[6.351s] INFO:colcon.colcon_core.shell:Creating environment hook '/home/hania/project/build/robot_bringup/share/robot_bringup/hook/pythonpath_develop.sh'
[6.352s] Level 1:colcon.colcon_core.environment:checking '/home/hania/project/install/robot_bringup' for CMake module files
[6.353s] Level 1:colcon.colcon_core.environment:checking '/home/hania/project/install/robot_bringup' for CMake config files
[6.353s] Level 1:colcon.colcon_core.environment:checking '/home/hania/project/install/robot_bringup/lib'
[6.353s] Level 1:colcon.colcon_core.environment:checking '/home/hania/project/install/robot_bringup/bin'
[6.353s] Level 1:colcon.colcon_core.environment:checking '/home/hania/project/install/robot_bringup/lib/pkgconfig/robot_bringup.pc'
[6.354s] Level 1:colcon.colcon_core.environment:checking '/home/hania/project/install/robot_bringup/lib/python3.12/site-packages'
[6.354s] Level 1:colcon.colcon_core.shell:create_environment_hook('robot_bringup', 'pythonpath')
[6.354s] INFO:colcon.colcon_core.shell:Creating environment hook '/home/hania/project/install/robot_bringup/share/robot_bringup/hook/pythonpath.ps1'
[6.355s] INFO:colcon.colcon_core.shell:Creating environment descriptor '/home/hania/project/install/robot_bringup/share/robot_bringup/hook/pythonpath.dsv'
[6.356s] INFO:colcon.colcon_core.shell:Creating environment hook '/home/hania/project/install/robot_bringup/share/robot_bringup/hook/pythonpath.sh'
[6.357s] Level 1:colcon.colcon_core.environment:checking '/home/hania/project/install/robot_bringup/bin'
[6.357s] Level 1:colcon.colcon_core.environment:create_environment_scripts_only(robot_bringup)
[6.357s] INFO:colcon.colcon_core.shell:Creating package script '/home/hania/project/install/robot_bringup/share/robot_bringup/package.ps1'
[6.358s] INFO:colcon.colcon_core.shell:Creating package descriptor '/home/hania/project/install/robot_bringup/share/robot_bringup/package.dsv'
[6.360s] INFO:colcon.colcon_core.shell:Creating package script '/home/hania/project/install/robot_bringup/share/robot_bringup/package.sh'
[6.362s] INFO:colcon.colcon_core.shell:Creating package script '/home/hania/project/install/robot_bringup/share/robot_bringup/package.bash'
[6.362s] INFO:colcon.colcon_core.shell:Creating package script '/home/hania/project/install/robot_bringup/share/robot_bringup/package.zsh'
[6.364s] Level 1:colcon.colcon_core.environment:create_file_with_runtime_dependencies(/home/hania/project/install/robot_bringup/share/colcon-core/packages/robot_bringup)
[6.365s] DEBUG:colcon.colcon_parallel_executor.executor.parallel:closing loop
[6.365s] DEBUG:colcon.colcon_parallel_executor.executor.parallel:loop closed
[6.365s] DEBUG:colcon.colcon_parallel_executor.executor.parallel:run_until_complete finished with '0'
[6.365s] DEBUG:colcon.colcon_core.event_reactor:joining thread
[6.413s] INFO:colcon.colcon_core.plugin_system:Skipping extension 'colcon_notification.desktop_notification.terminal_notifier': Not used on non-Darwin systems
[6.413s] INFO:colcon.colcon_core.plugin_system:Skipping extension 'colcon_notification.desktop_notification.win32': Not used on non-Windows systems
[6.413s] INFO:colcon.colcon_notification.desktop_notification:Sending desktop notification using 'notify2'
[6.479s] DEBUG:colcon.colcon_core.event_reactor:joined thread
[6.479s] INFO:colcon.colcon_core.shell:Creating prefix script '/home/hania/project/install/local_setup.ps1'
[6.482s] INFO:colcon.colcon_core.shell:Creating prefix util module '/home/hania/project/install/_local_setup_util_ps1.py'
[6.485s] INFO:colcon.colcon_core.shell:Creating prefix chain script '/home/hania/project/install/setup.ps1'
[6.489s] INFO:colcon.colcon_core.shell:Creating prefix script '/home/hania/project/install/local_setup.sh'
[6.491s] INFO:colcon.colcon_core.shell:Creating prefix util module '/home/hania/project/install/_local_setup_util_sh.py'
[6.491s] INFO:colcon.colcon_core.shell:Creating prefix chain script '/home/hania/project/install/setup.sh'
[6.507s] INFO:colcon.colcon_core.shell:Creating prefix script '/home/hania/project/install/local_setup.bash'
[6.512s] INFO:colcon.colcon_core.shell:Creating prefix chain script '/home/hania/project/install/setup.bash'
[6.515s] INFO:colcon.colcon_core.shell:Creating prefix script '/home/hania/project/install/local_setup.zsh'
[6.521s] INFO:colcon.colcon_core.shell:Creating prefix chain script '/home/hania/project/install/setup.zsh'
