-- The C compiler identification is GNU 13.3.0
-- The CXX compiler identification is GNU 13.3.0
-- Detecting C compiler ABI info
-- Detecting C compiler ABI info - done
-- Check for working C compiler: /usr/bin/cc - skipped
-- Detecting C compile features
-- Detecting C compile features - done
-- Detecting CXX compiler ABI info
-- Detecting CXX compiler ABI info - done
-- Check for working CXX compiler: /usr/bin/c++ - skipped
-- Detecting CXX compile features
-- Detecting CXX compile features - done
-- Found ament_cmake: 2.5.6 (/opt/ros/jazzy/share/ament_cmake/cmake)
-- Found Python3: /usr/bin/python3 (found version "3.12.3") found components: Interpreter 
-- Override CMake install command with custom implementation using symlinks instead of copying resources
-- Configuring done (1.8s)
-- Generating done (0.0s)
-- Build files have been written to: /home/hania/project/build/robot_description
-- Install configuration: ""
-- Execute custom install script
-- Symlinking: /home/hania/project/install/robot_description/share/robot_description/urdf/Wheeled_Base.urdf
-- Symlinking: /home/hania/project/install/robot_description/share/robot_description/urdf/ros2_control.urdf
-- Symlinking: /home/hania/project/install/robot_description/share/robot_description/meshes/CHASSIS.STL
-- Symlinking: /home/hania/project/install/robot_description/share/robot_description/meshes/FRONT_ROLLING.STL
-- Symlinking: /home/hania/project/install/robot_description/share/robot_description/meshes/FRONT_SWIVEL.STL
-- Symlinking: /home/hania/project/install/robot_description/share/robot_description/meshes/LEFT_WHEEL.STL
-- Symlinking: /home/hania/project/install/robot_description/share/robot_description/meshes/REAR_ROLLING.STL
-- Symlinking: /home/hania/project/install/robot_description/share/robot_description/meshes/REAR_SWIVELING.STL
-- Symlinking: /home/hania/project/install/robot_description/share/robot_description/meshes/RIGHT_WHEEL.STL
-- Symlinking: /home/hania/project/install/robot_description/share/robot_description/launch/display.launch.py
-- Symlinking: /home/hania/project/install/robot_description/share/ament_index/resource_index/package_run_dependencies/robot_description
-- Symlinking: /home/hania/project/install/robot_description/share/ament_index/resource_index/parent_prefix_path/robot_description
-- Symlinking: /home/hania/project/install/robot_description/share/robot_description/environment/ament_prefix_path.sh
-- Symlinking: /home/hania/project/install/robot_description/share/robot_description/environment/ament_prefix_path.dsv
-- Symlinking: /home/hania/project/install/robot_description/share/robot_description/environment/path.sh
-- Symlinking: /home/hania/project/install/robot_description/share/robot_description/environment/path.dsv
-- Symlinking: /home/hania/project/install/robot_description/share/robot_description/local_setup.bash
-- Symlinking: /home/hania/project/install/robot_description/share/robot_description/local_setup.sh
-- Symlinking: /home/hania/project/install/robot_description/share/robot_description/local_setup.zsh
-- Symlinking: /home/hania/project/install/robot_description/share/robot_description/local_setup.dsv
-- Symlinking: /home/hania/project/install/robot_description/share/robot_description/package.dsv
-- Symlinking: /home/hania/project/install/robot_description/share/ament_index/resource_index/packages/robot_description
-- Symlinking: /home/hania/project/install/robot_description/share/robot_description/cmake/robot_descriptionConfig.cmake
-- Symlinking: /home/hania/project/install/robot_description/share/robot_description/cmake/robot_descriptionConfig-version.cmake
-- Symlinking: /home/hania/project/install/robot_description/share/robot_description/package.xml
