[0.622s] Invoking command in '/home/hania/project/build/robot_description': CMAKE_PREFIX_PATH=${CMAKE_PREFIX_PATH}:/home/hania/project/install/robot_bringup:/home/hania/project/install/robot_controllers:/opt/ros/jazzy DEBUGINFOD_URLS=https://debuginfod.ubuntu.com /usr/bin/cmake --build /home/hania/project/build/robot_description -- -j5 -l5
[0.813s] Invoked command in '/home/hania/project/build/robot_description' returned '0': CMAKE_PREFIX_PATH=${CMAKE_PREFIX_PATH}:/home/hania/project/install/robot_bringup:/home/hania/project/install/robot_controllers:/opt/ros/jazzy DEBUGINFOD_URLS=https://debuginfod.ubuntu.com /usr/bin/cmake --build /home/hania/project/build/robot_description -- -j5 -l5
[0.851s] Invoking command in '/home/hania/project/build/robot_description': CMAKE_PREFIX_PATH=${CMAKE_PREFIX_PATH}:/home/hania/project/install/robot_bringup:/home/hania/project/install/robot_controllers:/opt/ros/jazzy DEBUGINFOD_URLS=https://debuginfod.ubuntu.com /usr/bin/cmake --install /home/hania/project/build/robot_description
[0.876s] -- Install configuration: ""
[0.877s] -- Execute custom install script
[0.878s] -- Up-to-date symlink: /home/hania/project/install/robot_description/share/robot_description/urdf/Wheeled_Base.urdf
[0.880s] -- Up-to-date symlink: /home/hania/project/install/robot_description/share/robot_description/urdf/ros2_control.urdf
[0.880s] -- Up-to-date symlink: /home/hania/project/install/robot_description/share/robot_description/meshes/CHASSIS.STL
[0.880s] -- Up-to-date symlink: /home/hania/project/install/robot_description/share/robot_description/meshes/FRONT_ROLLING.STL
[0.881s] -- Up-to-date symlink: /home/hania/project/install/robot_description/share/robot_description/meshes/FRONT_SWIVEL.STL
[0.881s] -- Up-to-date symlink: /home/hania/project/install/robot_description/share/robot_description/meshes/LEFT_WHEEL.STL
[0.882s] -- Up-to-date symlink: /home/hania/project/install/robot_description/share/robot_description/meshes/REAR_ROLLING.STL
[0.883s] -- Up-to-date symlink: /home/hania/project/install/robot_description/share/robot_description/meshes/REAR_SWIVELING.STL
[0.883s] -- Up-to-date symlink: /home/hania/project/install/robot_description/share/robot_description/meshes/RIGHT_WHEEL.STL
[0.883s] -- Up-to-date symlink: /home/hania/project/install/robot_description/share/robot_description/launch/display.launch.py
[0.884s] -- Up-to-date symlink: /home/hania/project/install/robot_description/share/ament_index/resource_index/package_run_dependencies/robot_description
[0.885s] -- Up-to-date symlink: /home/hania/project/install/robot_description/share/ament_index/resource_index/parent_prefix_path/robot_description
[0.885s] -- Up-to-date symlink: /home/hania/project/install/robot_description/share/robot_description/environment/ament_prefix_path.sh
[0.885s] -- Up-to-date symlink: /home/hania/project/install/robot_description/share/robot_description/environment/ament_prefix_path.dsv
[0.886s] -- Up-to-date symlink: /home/hania/project/install/robot_description/share/robot_description/environment/path.sh
[0.886s] -- Up-to-date symlink: /home/hania/project/install/robot_description/share/robot_description/environment/path.dsv
[0.887s] -- Up-to-date symlink: /home/hania/project/install/robot_description/share/robot_description/local_setup.bash
[0.887s] -- Up-to-date symlink: /home/hania/project/install/robot_description/share/robot_description/local_setup.sh
[0.887s] -- Up-to-date symlink: /home/hania/project/install/robot_description/share/robot_description/local_setup.zsh
[0.887s] -- Up-to-date symlink: /home/hania/project/install/robot_description/share/robot_description/local_setup.dsv
[0.888s] -- Symlinking: /home/hania/project/install/robot_description/share/robot_description/package.dsv
[0.907s] -- Up-to-date symlink: /home/hania/project/install/robot_description/share/ament_index/resource_index/packages/robot_description
[0.908s] -- Up-to-date symlink: /home/hania/project/install/robot_description/share/robot_description/cmake/robot_descriptionConfig.cmake
[0.908s] -- Up-to-date symlink: /home/hania/project/install/robot_description/share/robot_description/cmake/robot_descriptionConfig-version.cmake
[0.908s] -- Up-to-date symlink: /home/hania/project/install/robot_description/share/robot_description/package.xml
[0.913s] Invoked command in '/home/hania/project/build/robot_description' returned '0': CMAKE_PREFIX_PATH=${CMAKE_PREFIX_PATH}:/home/hania/project/install/robot_bringup:/home/hania/project/install/robot_controllers:/opt/ros/jazzy DEBUGINFOD_URLS=https://debuginfod.ubuntu.com /usr/bin/cmake --install /home/hania/project/build/robot_description
