running develop
running egg_info
creating robot_controllers.egg-info
writing robot_controllers.egg-info/PKG-INFO
writing dependency_links to robot_controllers.egg-info/dependency_links.txt
writing requirements to robot_controllers.egg-info/requires.txt
writing top-level names to robot_controllers.egg-info/top_level.txt
writing manifest file 'robot_controllers.egg-info/SOURCES.txt'
reading manifest file 'robot_controllers.egg-info/SOURCES.txt'
writing manifest file 'robot_controllers.egg-info/SOURCES.txt'
running build_ext
Creating /home/hania/project/install/robot_controllers/lib/python3.12/site-packages/robot-controllers.egg-link (link to .)

Installed /home/hania/project/build/robot_controllers
running symlink_data
creating /home/hania/project/install/robot_controllers/share/ament_index
creating /home/hania/project/install/robot_controllers/share/ament_index/resource_index
creating /home/hania/project/install/robot_controllers/share/ament_index/resource_index/packages
symbolically linking /home/hania/project/build/robot_controllers/resource/robot_controllers -> /home/hania/project/install/robot_controllers/share/ament_index/resource_index/packages
symbolically linking /home/hania/project/build/robot_controllers/package.xml -> /home/hania/project/install/robot_controllers/share/robot_controllers
creating /home/hania/project/install/robot_controllers/share/robot_controllers/config
symbolically linking /home/hania/project/build/robot_controllers/config/ros2_controllers.yaml -> /home/hania/project/install/robot_controllers/share/robot_controllers/config
