[1.489s] Invoking command in '/home/hania/project/build/robot_controllers': DEBUGINFOD_URLS=https://debuginfod.ubuntu.com PYTHONPATH=/home/hania/project/build/robot_controllers/prefix_override:/usr/lib/python3/dist-packages/colcon_core/task/python/colcon_distutils_commands:/home/hania/project/install/robot_controllers/lib/python3.12/site-packages:${PYTHONPATH} /usr/bin/python3 -W ignore:setup.py install is deprecated -W ignore:easy_install command is deprecated setup.py develop --editable --build-directory /home/hania/project/build/robot_controllers/build --no-deps symlink_data
[1.899s] running develop
[2.173s] running egg_info
[2.173s] creating robot_controllers.egg-info
[2.199s] writing robot_controllers.egg-info/PKG-INFO
[2.200s] writing dependency_links to robot_controllers.egg-info/dependency_links.txt
[2.200s] writing requirements to robot_controllers.egg-info/requires.txt
[2.200s] writing top-level names to robot_controllers.egg-info/top_level.txt
[2.200s] writing manifest file 'robot_controllers.egg-info/SOURCES.txt'
[2.253s] reading manifest file 'robot_controllers.egg-info/SOURCES.txt'
[2.255s] writing manifest file 'robot_controllers.egg-info/SOURCES.txt'
[2.284s] running build_ext
[2.284s] Creating /home/hania/project/install/robot_controllers/lib/python3.12/site-packages/robot-controllers.egg-link (link to .)
[2.285s] 
[2.292s] Installed /home/hania/project/build/robot_controllers
[2.292s] running symlink_data
[2.292s] creating /home/hania/project/install/robot_controllers/share/ament_index
[2.292s] creating /home/hania/project/install/robot_controllers/share/ament_index/resource_index
[2.292s] creating /home/hania/project/install/robot_controllers/share/ament_index/resource_index/packages
[2.292s] symbolically linking /home/hania/project/build/robot_controllers/resource/robot_controllers -> /home/hania/project/install/robot_controllers/share/ament_index/resource_index/packages
[2.293s] symbolically linking /home/hania/project/build/robot_controllers/package.xml -> /home/hania/project/install/robot_controllers/share/robot_controllers
[2.293s] creating /home/hania/project/install/robot_controllers/share/robot_controllers/config
[2.293s] symbolically linking /home/hania/project/build/robot_controllers/config/ros2_controllers.yaml -> /home/hania/project/install/robot_controllers/share/robot_controllers/config
[2.356s] Invoked command in '/home/hania/project/build/robot_controllers' returned '0': DEBUGINFOD_URLS=https://debuginfod.ubuntu.com PYTHONPATH=/home/hania/project/build/robot_controllers/prefix_override:/usr/lib/python3/dist-packages/colcon_core/task/python/colcon_distutils_commands:/home/hania/project/install/robot_controllers/lib/python3.12/site-packages:${PYTHONPATH} /usr/bin/python3 -W ignore:setup.py install is deprecated -W ignore:easy_install command is deprecated setup.py develop --editable --build-directory /home/hania/project/build/robot_controllers/build --no-deps symlink_data
