[0.319s] Invoking command in '/home/hania/project/build/robot_description': CMAKE_PREFIX_PATH=${CMAKE_PREFIX_PATH}:/home/hania/project/install/robot_bringup:/home/hania/project/install/robot_controllers:/opt/ros/jazzy DEBUGINFOD_URLS=https://debuginfod.ubuntu.com /usr/bin/cmake --build /home/hania/project/build/robot_description -- -j5 -l5
[0.406s] Invoked command in '/home/hania/project/build/robot_description' returned '0': CMAKE_PREFIX_PATH=${CMAKE_PREFIX_PATH}:/home/hania/project/install/robot_bringup:/home/hania/project/install/robot_controllers:/opt/ros/jazzy DEBUGINFOD_URLS=https://debuginfod.ubuntu.com /usr/bin/cmake --build /home/hania/project/build/robot_description -- -j5 -l5
[0.469s] Invoking command in '/home/hania/project/build/robot_description': CMAKE_PREFIX_PATH=${CMAKE_PREFIX_PATH}:/home/hania/project/install/robot_bringup:/home/hania/project/install/robot_controllers:/opt/ros/jazzy DEBUGINFOD_URLS=https://debuginfod.ubuntu.com /usr/bin/cmake --install /home/hania/project/build/robot_description
[0.487s] -- Install configuration: ""
[0.488s] -- Execute custom install script
[0.489s] -- Up-to-date symlink: /home/hania/project/install/robot_description/share/robot_description/urdf/Wheeled_Base.urdf
[0.490s] -- Up-to-date symlink: /home/hania/project/install/robot_description/share/robot_description/urdf/ros2_control.urdf
[0.490s] -- Up-to-date symlink: /home/hania/project/install/robot_description/share/robot_description/meshes/CHASSIS.STL
[0.491s] -- Up-to-date symlink: /home/hania/project/install/robot_description/share/robot_description/meshes/FRONT_ROLLING.STL
[0.491s] -- Up-to-date symlink: /home/hania/project/install/robot_description/share/robot_description/meshes/FRONT_SWIVEL.STL
[0.491s] -- Up-to-date symlink: /home/hania/project/install/robot_description/share/robot_description/meshes/LEFT_WHEEL.STL
[0.491s] -- Up-to-date symlink: /home/hania/project/install/robot_description/share/robot_description/meshes/REAR_ROLLING.STL
[0.491s] -- Up-to-date symlink: /home/hania/project/install/robot_description/share/robot_description/meshes/REAR_SWIVELING.STL
[0.491s] -- Up-to-date symlink: /home/hania/project/install/robot_description/share/robot_description/meshes/RIGHT_WHEEL.STL
[0.491s] -- Up-to-date symlink: /home/hania/project/install/robot_description/share/robot_description/launch/display.launch.py
[0.492s] -- Up-to-date symlink: /home/hania/project/install/robot_description/share/ament_index/resource_index/package_run_dependencies/robot_description
[0.492s] -- Up-to-date symlink: /home/hania/project/install/robot_description/share/ament_index/resource_index/parent_prefix_path/robot_description
[0.492s] -- Up-to-date symlink: /home/hania/project/install/robot_description/share/robot_description/environment/ament_prefix_path.sh
[0.492s] -- Up-to-date symlink: /home/hania/project/install/robot_description/share/robot_description/environment/ament_prefix_path.dsv
[0.493s] -- Up-to-date symlink: /home/hania/project/install/robot_description/share/robot_description/environment/path.sh
[0.493s] -- Up-to-date symlink: /home/hania/project/install/robot_description/share/robot_description/environment/path.dsv
[0.494s] -- Up-to-date symlink: /home/hania/project/install/robot_description/share/robot_description/local_setup.bash
[0.494s] -- Up-to-date symlink: /home/hania/project/install/robot_description/share/robot_description/local_setup.sh
[0.494s] -- Up-to-date symlink: /home/hania/project/install/robot_description/share/robot_description/local_setup.zsh
[0.494s] -- Up-to-date symlink: /home/hania/project/install/robot_description/share/robot_description/local_setup.dsv
[0.494s] -- Symlinking: /home/hania/project/install/robot_description/share/robot_description/package.dsv
[0.518s] -- Up-to-date symlink: /home/hania/project/install/robot_description/share/ament_index/resource_index/packages/robot_description
[0.518s] -- Up-to-date symlink: /home/hania/project/install/robot_description/share/robot_description/cmake/robot_descriptionConfig.cmake
[0.519s] -- Up-to-date symlink: /home/hania/project/install/robot_description/share/robot_description/cmake/robot_descriptionConfig-version.cmake
[0.519s] -- Up-to-date symlink: /home/hania/project/install/robot_description/share/robot_description/package.xml
[0.526s] Invoked command in '/home/hania/project/build/robot_description' returned '0': CMAKE_PREFIX_PATH=${CMAKE_PREFIX_PATH}:/home/hania/project/install/robot_bringup:/home/hania/project/install/robot_controllers:/opt/ros/jazzy DEBUGINFOD_URLS=https://debuginfod.ubuntu.com /usr/bin/cmake --install /home/hania/project/build/robot_description
