[0.181s] DEBUG:colcon:Command line arguments: ['/usr/bin/colcon', 'build', '--symlink-install']
[0.181s] DEBUG:colcon:Parsed command line arguments: Namespace(log_base=None, log_level=None, verb_name='build', build_base='build', install_base='install', merge_install=False, symlink_install=True, test_result_base=None, continue_on_error=False, executor='parallel', parallel_workers=5, event_handlers=None, ignore_user_meta=False, metas=['./colcon.meta'], base_paths=['.'], packages_ignore=None, packages_ignore_regex=None, paths=None, packages_up_to=None, packages_up_to_regex=None, packages_above=None, packages_above_and_dependencies=None, packages_above_depth=None, packages_select_by_dep=None, packages_skip_by_dep=None, packages_skip_up_to=None, packages_select_build_failed=False, packages_skip_build_finished=False, packages_select_test_failures=False, packages_skip_test_passed=False, packages_select=None, packages_skip=None, packages_select_regex=None, packages_skip_regex=None, packages_start=None, packages_end=None, allow_overriding=[], cmake_args=None, cmake_target=None, cmake_target_skip_unavailable=False, cmake_clean_cache=False, cmake_clean_first=False, cmake_force_configure=False, ament_cmake_args=None, catkin_cmake_args=None, catkin_skip_building_tests=False, verb_parser=<colcon_defaults.argument_parser.defaults.DefaultArgumentsDecorator object at 0x7aa236b7e300>, verb_extension=<colcon_core.verb.build.BuildVerb object at 0x7aa236b7e000>, main=<bound method BuildVerb.main of <colcon_core.verb.build.BuildVerb object at 0x7aa236b7e000>>)
[0.268s] Level 1:colcon.colcon_core.package_discovery:discover_packages(colcon_meta) check parameters
[0.268s] Level 1:colcon.colcon_core.package_discovery:discover_packages(recursive) check parameters
[0.268s] Level 1:colcon.colcon_core.package_discovery:discover_packages(ignore) check parameters
[0.268s] Level 1:colcon.colcon_core.package_discovery:discover_packages(path) check parameters
[0.269s] Level 1:colcon.colcon_core.package_discovery:discover_packages(colcon_meta) discover
[0.269s] Level 1:colcon.colcon_core.package_discovery:discover_packages(recursive) discover
[0.269s] INFO:colcon.colcon_core.package_discovery:Crawling recursively for packages in '/home/hania/project'
[0.270s] Level 1:colcon.colcon_core.package_identification:_identify(.) by extensions ['ignore', 'ignore_ament_install']
[0.270s] Level 1:colcon.colcon_core.package_identification:_identify(.) by extension 'ignore'
[0.270s] Level 1:colcon.colcon_core.package_identification:_identify(.) by extension 'ignore_ament_install'
[0.270s] Level 1:colcon.colcon_core.package_identification:_identify(.) by extensions ['colcon_pkg']
[0.271s] Level 1:colcon.colcon_core.package_identification:_identify(.) by extension 'colcon_pkg'
[0.274s] Level 1:colcon.colcon_core.package_identification:_identify(.) by extensions ['colcon_meta']
[0.274s] Level 1:colcon.colcon_core.package_identification:_identify(.) by extension 'colcon_meta'
[0.274s] Level 1:colcon.colcon_core.package_identification:_identify(.) by extensions ['ros']
[0.274s] Level 1:colcon.colcon_core.package_identification:_identify(.) by extension 'ros'
[0.316s] Level 1:colcon.colcon_core.package_identification:_identify(.) by extensions ['cmake', 'python']
[0.316s] Level 1:colcon.colcon_core.package_identification:_identify(.) by extension 'cmake'
[0.316s] Level 1:colcon.colcon_core.package_identification:_identify(.) by extension 'python'
[0.317s] Level 1:colcon.colcon_core.package_identification:_identify(.) by extensions ['python_setup_py']
[0.317s] Level 1:colcon.colcon_core.package_identification:_identify(.) by extension 'python_setup_py'
[0.317s] Level 1:colcon.colcon_core.package_identification:_identify(build) by extensions ['ignore', 'ignore_ament_install']
[0.318s] Level 1:colcon.colcon_core.package_identification:_identify(build) by extension 'ignore'
[0.318s] Level 1:colcon.colcon_core.package_identification:_identify(build) ignored
[0.318s] Level 1:colcon.colcon_core.package_identification:_identify(install) by extensions ['ignore', 'ignore_ament_install']
[0.319s] Level 1:colcon.colcon_core.package_identification:_identify(install) by extension 'ignore'
[0.319s] Level 1:colcon.colcon_core.package_identification:_identify(install) ignored
[0.319s] Level 1:colcon.colcon_core.package_identification:_identify(log) by extensions ['ignore', 'ignore_ament_install']
[0.319s] Level 1:colcon.colcon_core.package_identification:_identify(log) by extension 'ignore'
[0.320s] Level 1:colcon.colcon_core.package_identification:_identify(log) ignored
[0.320s] Level 1:colcon.colcon_core.package_identification:_identify(src) by extensions ['ignore', 'ignore_ament_install']
[0.320s] Level 1:colcon.colcon_core.package_identification:_identify(src) by extension 'ignore'
[0.321s] Level 1:colcon.colcon_core.package_identification:_identify(src) by extension 'ignore_ament_install'
[0.321s] Level 1:colcon.colcon_core.package_identification:_identify(src) by extensions ['colcon_pkg']
[0.321s] Level 1:colcon.colcon_core.package_identification:_identify(src) by extension 'colcon_pkg'
[0.321s] Level 1:colcon.colcon_core.package_identification:_identify(src) by extensions ['colcon_meta']
[0.321s] Level 1:colcon.colcon_core.package_identification:_identify(src) by extension 'colcon_meta'
[0.321s] Level 1:colcon.colcon_core.package_identification:_identify(src) by extensions ['ros']
[0.322s] Level 1:colcon.colcon_core.package_identification:_identify(src) by extension 'ros'
[0.322s] Level 1:colcon.colcon_core.package_identification:_identify(src) by extensions ['cmake', 'python']
[0.322s] Level 1:colcon.colcon_core.package_identification:_identify(src) by extension 'cmake'
[0.322s] Level 1:colcon.colcon_core.package_identification:_identify(src) by extension 'python'
[0.322s] Level 1:colcon.colcon_core.package_identification:_identify(src) by extensions ['python_setup_py']
[0.323s] Level 1:colcon.colcon_core.package_identification:_identify(src) by extension 'python_setup_py'
[0.323s] Level 1:colcon.colcon_core.package_identification:_identify(src/robot_bringup) by extensions ['ignore', 'ignore_ament_install']
[0.323s] Level 1:colcon.colcon_core.package_identification:_identify(src/robot_bringup) by extension 'ignore'
[0.324s] Level 1:colcon.colcon_core.package_identification:_identify(src/robot_bringup) by extension 'ignore_ament_install'
[0.324s] Level 1:colcon.colcon_core.package_identification:_identify(src/robot_bringup) by extensions ['colcon_pkg']
[0.324s] Level 1:colcon.colcon_core.package_identification:_identify(src/robot_bringup) by extension 'colcon_pkg'
[0.324s] Level 1:colcon.colcon_core.package_identification:_identify(src/robot_bringup) by extensions ['colcon_meta']
[0.324s] Level 1:colcon.colcon_core.package_identification:_identify(src/robot_bringup) by extension 'colcon_meta'
[0.324s] Level 1:colcon.colcon_core.package_identification:_identify(src/robot_bringup) by extensions ['ros']
[0.324s] Level 1:colcon.colcon_core.package_identification:_identify(src/robot_bringup) by extension 'ros'
[0.330s] DEBUG:colcon.colcon_core.package_identification:Package 'src/robot_bringup' with type 'ros.ament_python' and name 'robot_bringup'
[0.330s] Level 1:colcon.colcon_core.package_identification:_identify(src/robot_controllers) by extensions ['ignore', 'ignore_ament_install']
[0.330s] Level 1:colcon.colcon_core.package_identification:_identify(src/robot_controllers) by extension 'ignore'
[0.331s] Level 1:colcon.colcon_core.package_identification:_identify(src/robot_controllers) by extension 'ignore_ament_install'
[0.331s] Level 1:colcon.colcon_core.package_identification:_identify(src/robot_controllers) by extensions ['colcon_pkg']
[0.331s] Level 1:colcon.colcon_core.package_identification:_identify(src/robot_controllers) by extension 'colcon_pkg'
[0.331s] Level 1:colcon.colcon_core.package_identification:_identify(src/robot_controllers) by extensions ['colcon_meta']
[0.331s] Level 1:colcon.colcon_core.package_identification:_identify(src/robot_controllers) by extension 'colcon_meta'
[0.331s] Level 1:colcon.colcon_core.package_identification:_identify(src/robot_controllers) by extensions ['ros']
[0.331s] Level 1:colcon.colcon_core.package_identification:_identify(src/robot_controllers) by extension 'ros'
[0.332s] DEBUG:colcon.colcon_core.package_identification:Package 'src/robot_controllers' with type 'ros.ament_python' and name 'robot_controllers'
[0.333s] Level 1:colcon.colcon_core.package_identification:_identify(src/robot_description) by extensions ['ignore', 'ignore_ament_install']
[0.333s] Level 1:colcon.colcon_core.package_identification:_identify(src/robot_description) by extension 'ignore'
[0.333s] Level 1:colcon.colcon_core.package_identification:_identify(src/robot_description) by extension 'ignore_ament_install'
[0.333s] Level 1:colcon.colcon_core.package_identification:_identify(src/robot_description) by extensions ['colcon_pkg']
[0.334s] Level 1:colcon.colcon_core.package_identification:_identify(src/robot_description) by extension 'colcon_pkg'
[0.334s] Level 1:colcon.colcon_core.package_identification:_identify(src/robot_description) by extensions ['colcon_meta']
[0.334s] Level 1:colcon.colcon_core.package_identification:_identify(src/robot_description) by extension 'colcon_meta'
[0.334s] Level 1:colcon.colcon_core.package_identification:_identify(src/robot_description) by extensions ['ros']
[0.334s] Level 1:colcon.colcon_core.package_identification:_identify(src/robot_description) by extension 'ros'
[0.335s] DEBUG:colcon.colcon_core.package_identification:Package 'src/robot_description' with type 'ros.ament_cmake' and name 'robot_description'
[0.335s] Level 1:colcon.colcon_core.package_discovery:discover_packages(recursive) using defaults
[0.335s] Level 1:colcon.colcon_core.package_discovery:discover_packages(ignore) discover
[0.335s] Level 1:colcon.colcon_core.package_discovery:discover_packages(ignore) using defaults
[0.336s] Level 1:colcon.colcon_core.package_discovery:discover_packages(path) discover
[0.336s] Level 1:colcon.colcon_core.package_discovery:discover_packages(path) using defaults
[0.365s] Level 1:colcon.colcon_core.package_discovery:discover_packages(prefix_path) check parameters
[0.365s] Level 1:colcon.colcon_core.package_discovery:discover_packages(prefix_path) discover
[0.369s] DEBUG:colcon.colcon_installed_package_information.package_discovery:Found 3 installed packages in /home/hania/project/install
[0.370s] DEBUG:colcon.colcon_installed_package_information.package_discovery:Found 1 installed packages in /home/hania/install
[0.373s] DEBUG:colcon.colcon_installed_package_information.package_discovery:Found 373 installed packages in /opt/ros/jazzy
[0.375s] Level 1:colcon.colcon_core.package_discovery:discover_packages(prefix_path) using defaults
[0.461s] Level 5:colcon.colcon_core.verb:set package 'robot_controllers' build argument 'cmake_args' from command line to 'None'
[0.462s] Level 5:colcon.colcon_core.verb:set package 'robot_controllers' build argument 'cmake_target' from command line to 'None'
[0.462s] Level 5:colcon.colcon_core.verb:set package 'robot_controllers' build argument 'cmake_target_skip_unavailable' from command line to 'False'
[0.462s] Level 5:colcon.colcon_core.verb:set package 'robot_controllers' build argument 'cmake_clean_cache' from command line to 'False'
[0.462s] Level 5:colcon.colcon_core.verb:set package 'robot_controllers' build argument 'cmake_clean_first' from command line to 'False'
[0.462s] Level 5:colcon.colcon_core.verb:set package 'robot_controllers' build argument 'cmake_force_configure' from command line to 'False'
[0.462s] Level 5:colcon.colcon_core.verb:set package 'robot_controllers' build argument 'ament_cmake_args' from command line to 'None'
[0.462s] Level 5:colcon.colcon_core.verb:set package 'robot_controllers' build argument 'catkin_cmake_args' from command line to 'None'
[0.462s] Level 5:colcon.colcon_core.verb:set package 'robot_controllers' build argument 'catkin_skip_building_tests' from command line to 'False'
[0.462s] DEBUG:colcon.colcon_core.verb:Building package 'robot_controllers' with the following arguments: {'ament_cmake_args': None, 'build_base': '/home/hania/project/build/robot_controllers', 'catkin_cmake_args': None, 'catkin_skip_building_tests': False, 'cmake_args': None, 'cmake_clean_cache': False, 'cmake_clean_first': False, 'cmake_force_configure': False, 'cmake_target': None, 'cmake_target_skip_unavailable': False, 'install_base': '/home/hania/project/install/robot_controllers', 'merge_install': False, 'path': '/home/hania/project/src/robot_controllers', 'symlink_install': True, 'test_result_base': None}
[0.464s] Level 5:colcon.colcon_core.verb:set package 'robot_description' build argument 'cmake_args' from command line to 'None'
[0.464s] Level 5:colcon.colcon_core.verb:set package 'robot_description' build argument 'cmake_target' from command line to 'None'
[0.464s] Level 5:colcon.colcon_core.verb:set package 'robot_description' build argument 'cmake_target_skip_unavailable' from command line to 'False'
[0.464s] Level 5:colcon.colcon_core.verb:set package 'robot_description' build argument 'cmake_clean_cache' from command line to 'False'
[0.464s] Level 5:colcon.colcon_core.verb:set package 'robot_description' build argument 'cmake_clean_first' from command line to 'False'
[0.464s] Level 5:colcon.colcon_core.verb:set package 'robot_description' build argument 'cmake_force_configure' from command line to 'False'
[0.464s] Level 5:colcon.colcon_core.verb:set package 'robot_description' build argument 'ament_cmake_args' from command line to 'None'
[0.464s] Level 5:colcon.colcon_core.verb:set package 'robot_description' build argument 'catkin_cmake_args' from command line to 'None'
[0.464s] Level 5:colcon.colcon_core.verb:set package 'robot_description' build argument 'catkin_skip_building_tests' from command line to 'False'
[0.464s] DEBUG:colcon.colcon_core.verb:Building package 'robot_description' with the following arguments: {'ament_cmake_args': None, 'build_base': '/home/hania/project/build/robot_description', 'catkin_cmake_args': None, 'catkin_skip_building_tests': False, 'cmake_args': None, 'cmake_clean_cache': False, 'cmake_clean_first': False, 'cmake_force_configure': False, 'cmake_target': None, 'cmake_target_skip_unavailable': False, 'install_base': '/home/hania/project/install/robot_description', 'merge_install': False, 'path': '/home/hania/project/src/robot_description', 'symlink_install': True, 'test_result_base': None}
[0.466s] Level 5:colcon.colcon_core.verb:set package 'robot_bringup' build argument 'cmake_args' from command line to 'None'
[0.466s] Level 5:colcon.colcon_core.verb:set package 'robot_bringup' build argument 'cmake_target' from command line to 'None'
[0.466s] Level 5:colcon.colcon_core.verb:set package 'robot_bringup' build argument 'cmake_target_skip_unavailable' from command line to 'False'
[0.466s] Level 5:colcon.colcon_core.verb:set package 'robot_bringup' build argument 'cmake_clean_cache' from command line to 'False'
[0.466s] Level 5:colcon.colcon_core.verb:set package 'robot_bringup' build argument 'cmake_clean_first' from command line to 'False'
[0.466s] Level 5:colcon.colcon_core.verb:set package 'robot_bringup' build argument 'cmake_force_configure' from command line to 'False'
[0.466s] Level 5:colcon.colcon_core.verb:set package 'robot_bringup' build argument 'ament_cmake_args' from command line to 'None'
[0.466s] Level 5:colcon.colcon_core.verb:set package 'robot_bringup' build argument 'catkin_cmake_args' from command line to 'None'
[0.466s] Level 5:colcon.colcon_core.verb:set package 'robot_bringup' build argument 'catkin_skip_building_tests' from command line to 'False'
[0.466s] DEBUG:colcon.colcon_core.verb:Building package 'robot_bringup' with the following arguments: {'ament_cmake_args': None, 'build_base': '/home/hania/project/build/robot_bringup', 'catkin_cmake_args': None, 'catkin_skip_building_tests': False, 'cmake_args': None, 'cmake_clean_cache': False, 'cmake_clean_first': False, 'cmake_force_configure': False, 'cmake_target': None, 'cmake_target_skip_unavailable': False, 'install_base': '/home/hania/project/install/robot_bringup', 'merge_install': False, 'path': '/home/hania/project/src/robot_bringup', 'symlink_install': True, 'test_result_base': None}
[0.467s] INFO:colcon.colcon_core.executor:Executing jobs using 'parallel' executor
[0.468s] DEBUG:colcon.colcon_parallel_executor.executor.parallel:run_until_complete
[0.469s] INFO:colcon.colcon_ros.task.ament_python.build:Building ROS package in '/home/hania/project/src/robot_controllers' with build type 'ament_python'
[0.470s] Level 1:colcon.colcon_core.shell:create_environment_hook('robot_controllers', 'ament_prefix_path')
[0.495s] INFO:colcon.colcon_core.plugin_system:Skipping extension 'colcon_core.shell.bat': Not used on non-Windows systems
[0.496s] INFO:colcon.colcon_core.shell:Creating environment hook '/home/hania/project/install/robot_controllers/share/robot_controllers/hook/ament_prefix_path.ps1'
[0.499s] INFO:colcon.colcon_core.shell:Creating environment descriptor '/home/hania/project/install/robot_controllers/share/robot_controllers/hook/ament_prefix_path.dsv'
[0.502s] INFO:colcon.colcon_core.shell:Creating environment hook '/home/hania/project/install/robot_controllers/share/robot_controllers/hook/ament_prefix_path.sh'
[0.505s] INFO:colcon.colcon_core.shell:Skip shell extension 'powershell' for command environment: Not usable outside of PowerShell
[0.505s] DEBUG:colcon.colcon_core.shell:Skip shell extension 'dsv' for command environment
[0.516s] INFO:colcon.colcon_ros.task.ament_cmake.build:Building ROS package in '/home/hania/project/src/robot_description' with build type 'ament_cmake'
[0.516s] INFO:colcon.colcon_cmake.task.cmake.build:Building CMake package in '/home/hania/project/src/robot_description'
[0.516s] INFO:colcon.colcon_core.shell:Skip shell extension 'powershell' for command environment: Not usable outside of PowerShell
[0.516s] DEBUG:colcon.colcon_core.shell:Skip shell extension 'dsv' for command environment
[1.118s] INFO:colcon.colcon_core.task.python.build:Building Python package in '/home/hania/project/src/robot_controllers'
[1.119s] INFO:colcon.colcon_core.shell:Skip shell extension 'powershell' for command environment: Not usable outside of PowerShell
[1.119s] DEBUG:colcon.colcon_core.shell:Skip shell extension 'dsv' for command environment
[1.140s] DEBUG:colcon.colcon_core.event_handler.log_command:Invoking command in '/home/hania/project/build/robot_description': CMAKE_PREFIX_PATH=${CMAKE_PREFIX_PATH}:/home/hania/project/install/robot_bringup:/home/hania/project/install/robot_controllers:/opt/ros/jazzy DEBUGINFOD_URLS=https://debuginfod.ubuntu.com /usr/bin/cmake --build /home/hania/project/build/robot_description -- -j5 -l5
[1.331s] DEBUG:colcon.colcon_core.event_handler.log_command:Invoked command in '/home/hania/project/build/robot_description' returned '0': CMAKE_PREFIX_PATH=${CMAKE_PREFIX_PATH}:/home/hania/project/install/robot_bringup:/home/hania/project/install/robot_controllers:/opt/ros/jazzy DEBUGINFOD_URLS=https://debuginfod.ubuntu.com /usr/bin/cmake --build /home/hania/project/build/robot_description -- -j5 -l5
[1.369s] DEBUG:colcon.colcon_core.event_handler.log_command:Invoking command in '/home/hania/project/build/robot_description': CMAKE_PREFIX_PATH=${CMAKE_PREFIX_PATH}:/home/hania/project/install/robot_bringup:/home/hania/project/install/robot_controllers:/opt/ros/jazzy DEBUGINFOD_URLS=https://debuginfod.ubuntu.com /usr/bin/cmake --install /home/hania/project/build/robot_description
[1.428s] Level 1:colcon.colcon_core.environment:create_environment_scripts_only(robot_description)
[1.431s] DEBUG:colcon.colcon_core.event_handler.log_command:Invoked command in '/home/hania/project/build/robot_description' returned '0': CMAKE_PREFIX_PATH=${CMAKE_PREFIX_PATH}:/home/hania/project/install/robot_bringup:/home/hania/project/install/robot_controllers:/opt/ros/jazzy DEBUGINFOD_URLS=https://debuginfod.ubuntu.com /usr/bin/cmake --install /home/hania/project/build/robot_description
[1.447s] Level 1:colcon.colcon_core.environment:checking '/home/hania/project/install/robot_description' for CMake module files
[1.448s] Level 1:colcon.colcon_core.environment:checking '/home/hania/project/install/robot_description' for CMake config files
[1.449s] Level 1:colcon.colcon_core.shell:create_environment_hook('robot_description', 'cmake_prefix_path')
[1.450s] INFO:colcon.colcon_core.shell:Creating environment hook '/home/hania/project/install/robot_description/share/robot_description/hook/cmake_prefix_path.ps1'
[1.451s] INFO:colcon.colcon_core.shell:Creating environment descriptor '/home/hania/project/install/robot_description/share/robot_description/hook/cmake_prefix_path.dsv'
[1.452s] INFO:colcon.colcon_core.shell:Creating environment hook '/home/hania/project/install/robot_description/share/robot_description/hook/cmake_prefix_path.sh'
[1.454s] Level 1:colcon.colcon_core.environment:checking '/home/hania/project/install/robot_description/bin'
[1.454s] Level 1:colcon.colcon_core.environment:checking '/home/hania/project/install/robot_description/lib/pkgconfig/robot_description.pc'
[1.455s] Level 1:colcon.colcon_core.environment:checking '/home/hania/project/install/robot_description/lib/python3.12/site-packages'
[1.456s] Level 1:colcon.colcon_core.environment:checking '/home/hania/project/install/robot_description/bin'
[1.456s] INFO:colcon.colcon_core.shell:Creating package script '/home/hania/project/install/robot_description/share/robot_description/package.ps1'
[1.459s] INFO:colcon.colcon_core.shell:Creating package descriptor '/home/hania/project/install/robot_description/share/robot_description/package.dsv'
[1.462s] INFO:colcon.colcon_core.shell:Creating package script '/home/hania/project/install/robot_description/share/robot_description/package.sh'
[1.465s] INFO:colcon.colcon_core.shell:Creating package script '/home/hania/project/install/robot_description/share/robot_description/package.bash'
[1.468s] INFO:colcon.colcon_core.shell:Creating package script '/home/hania/project/install/robot_description/share/robot_description/package.zsh'
[1.473s] Level 1:colcon.colcon_core.environment:create_file_with_runtime_dependencies(/home/hania/project/install/robot_description/share/colcon-core/packages/robot_description)
[1.474s] Level 1:colcon.colcon_core.environment:create_environment_scripts_only(robot_description)
[1.474s] Level 1:colcon.colcon_core.environment:checking '/home/hania/project/install/robot_description' for CMake module files
[1.475s] Level 1:colcon.colcon_core.environment:checking '/home/hania/project/install/robot_description' for CMake config files
[1.475s] Level 1:colcon.colcon_core.shell:create_environment_hook('robot_description', 'cmake_prefix_path')
[1.476s] INFO:colcon.colcon_core.shell:Creating environment hook '/home/hania/project/install/robot_description/share/robot_description/hook/cmake_prefix_path.ps1'
[1.478s] INFO:colcon.colcon_core.shell:Creating environment descriptor '/home/hania/project/install/robot_description/share/robot_description/hook/cmake_prefix_path.dsv'
[1.485s] INFO:colcon.colcon_core.shell:Creating environment hook '/home/hania/project/install/robot_description/share/robot_description/hook/cmake_prefix_path.sh'
[1.490s] Level 1:colcon.colcon_core.environment:checking '/home/hania/project/install/robot_description/bin'
[1.490s] Level 1:colcon.colcon_core.environment:checking '/home/hania/project/install/robot_description/lib/pkgconfig/robot_description.pc'
[1.491s] Level 1:colcon.colcon_core.environment:checking '/home/hania/project/install/robot_description/lib/python3.12/site-packages'
[1.491s] Level 1:colcon.colcon_core.environment:checking '/home/hania/project/install/robot_description/bin'
[1.495s] INFO:colcon.colcon_core.shell:Creating package script '/home/hania/project/install/robot_description/share/robot_description/package.ps1'
[1.497s] INFO:colcon.colcon_core.shell:Creating package descriptor '/home/hania/project/install/robot_description/share/robot_description/package.dsv'
[1.499s] INFO:colcon.colcon_core.shell:Creating package script '/home/hania/project/install/robot_description/share/robot_description/package.sh'
[1.500s] INFO:colcon.colcon_core.shell:Creating package script '/home/hania/project/install/robot_description/share/robot_description/package.bash'
[1.502s] INFO:colcon.colcon_core.shell:Creating package script '/home/hania/project/install/robot_description/share/robot_description/package.zsh'
[1.503s] Level 1:colcon.colcon_core.environment:create_file_with_runtime_dependencies(/home/hania/project/install/robot_description/share/colcon-core/packages/robot_description)
[3.547s] DEBUG:colcon.colcon_core.event_handler.log_command:Invoking command in '/home/hania/project/build/robot_controllers': DEBUGINFOD_URLS=https://debuginfod.ubuntu.com PYTHONPATH=/home/hania/project/build/robot_controllers/prefix_override:/usr/lib/python3/dist-packages/colcon_core/task/python/colcon_distutils_commands:/home/hania/project/install/robot_controllers/lib/python3.12/site-packages:${PYTHONPATH} /usr/bin/python3 -W ignore:setup.py install is deprecated -W ignore:easy_install command is deprecated setup.py develop --editable --build-directory /home/hania/project/build/robot_controllers/build --no-deps symlink_data
[4.794s] Level 1:colcon.colcon_core.shell:create_environment_hook('robot_controllers', 'pythonpath_develop')
[4.797s] INFO:colcon.colcon_core.shell:Creating environment hook '/home/hania/project/build/robot_controllers/share/robot_controllers/hook/pythonpath_develop.ps1'
[4.804s] DEBUG:colcon.colcon_core.event_handler.log_command:Invoked command in '/home/hania/project/build/robot_controllers' returned '0': DEBUGINFOD_URLS=https://debuginfod.ubuntu.com PYTHONPATH=/home/hania/project/build/robot_controllers/prefix_override:/usr/lib/python3/dist-packages/colcon_core/task/python/colcon_distutils_commands:/home/hania/project/install/robot_controllers/lib/python3.12/site-packages:${PYTHONPATH} /usr/bin/python3 -W ignore:setup.py install is deprecated -W ignore:easy_install command is deprecated setup.py develop --editable --build-directory /home/hania/project/build/robot_controllers/build --no-deps symlink_data
[4.806s] INFO:colcon.colcon_core.shell:Creating environment descriptor '/home/hania/project/build/robot_controllers/share/robot_controllers/hook/pythonpath_develop.dsv'
[4.808s] INFO:colcon.colcon_core.shell:Creating environment hook '/home/hania/project/build/robot_controllers/share/robot_controllers/hook/pythonpath_develop.sh'
[4.809s] Level 1:colcon.colcon_core.environment:checking '/home/hania/project/install/robot_controllers' for CMake module files
[4.811s] Level 1:colcon.colcon_core.environment:checking '/home/hania/project/install/robot_controllers' for CMake config files
[4.812s] Level 1:colcon.colcon_core.environment:checking '/home/hania/project/install/robot_controllers/lib'
[4.812s] Level 1:colcon.colcon_core.environment:checking '/home/hania/project/install/robot_controllers/bin'
[4.813s] Level 1:colcon.colcon_core.environment:checking '/home/hania/project/install/robot_controllers/lib/pkgconfig/robot_controllers.pc'
[4.813s] Level 1:colcon.colcon_core.environment:checking '/home/hania/project/install/robot_controllers/lib/python3.12/site-packages'
[4.814s] Level 1:colcon.colcon_core.shell:create_environment_hook('robot_controllers', 'pythonpath')
[4.814s] INFO:colcon.colcon_core.shell:Creating environment hook '/home/hania/project/install/robot_controllers/share/robot_controllers/hook/pythonpath.ps1'
[4.816s] INFO:colcon.colcon_core.shell:Creating environment descriptor '/home/hania/project/install/robot_controllers/share/robot_controllers/hook/pythonpath.dsv'
[4.817s] INFO:colcon.colcon_core.shell:Creating environment hook '/home/hania/project/install/robot_controllers/share/robot_controllers/hook/pythonpath.sh'
[4.820s] Level 1:colcon.colcon_core.environment:checking '/home/hania/project/install/robot_controllers/bin'
[4.820s] Level 1:colcon.colcon_core.environment:create_environment_scripts_only(robot_controllers)
[4.821s] INFO:colcon.colcon_core.shell:Creating package script '/home/hania/project/install/robot_controllers/share/robot_controllers/package.ps1'
[4.823s] INFO:colcon.colcon_core.shell:Creating package descriptor '/home/hania/project/install/robot_controllers/share/robot_controllers/package.dsv'
[4.826s] INFO:colcon.colcon_core.shell:Creating package script '/home/hania/project/install/robot_controllers/share/robot_controllers/package.sh'
[4.828s] INFO:colcon.colcon_core.shell:Creating package script '/home/hania/project/install/robot_controllers/share/robot_controllers/package.bash'
[4.829s] INFO:colcon.colcon_core.shell:Creating package script '/home/hania/project/install/robot_controllers/share/robot_controllers/package.zsh'
[4.831s] Level 1:colcon.colcon_core.environment:create_file_with_runtime_dependencies(/home/hania/project/install/robot_controllers/share/colcon-core/packages/robot_controllers)
[4.832s] INFO:colcon.colcon_ros.task.ament_python.build:Building ROS package in '/home/hania/project/src/robot_bringup' with build type 'ament_python'
[4.833s] Level 1:colcon.colcon_core.shell:create_environment_hook('robot_bringup', 'ament_prefix_path')
[4.834s] INFO:colcon.colcon_core.shell:Creating environment hook '/home/hania/project/install/robot_bringup/share/robot_bringup/hook/ament_prefix_path.ps1'
[4.836s] INFO:colcon.colcon_core.shell:Creating environment descriptor '/home/hania/project/install/robot_bringup/share/robot_bringup/hook/ament_prefix_path.dsv'
[4.837s] INFO:colcon.colcon_core.shell:Creating environment hook '/home/hania/project/install/robot_bringup/share/robot_bringup/hook/ament_prefix_path.sh'
[4.840s] INFO:colcon.colcon_core.shell:Skip shell extension 'powershell' for command environment: Not usable outside of PowerShell
[4.840s] DEBUG:colcon.colcon_core.shell:Skip shell extension 'dsv' for command environment
[5.301s] INFO:colcon.colcon_core.task.python.build:Building Python package in '/home/hania/project/src/robot_bringup'
[5.302s] INFO:colcon.colcon_core.shell:Skip shell extension 'powershell' for command environment: Not usable outside of PowerShell
[5.302s] DEBUG:colcon.colcon_core.shell:Skip shell extension 'dsv' for command environment
[6.910s] DEBUG:colcon.colcon_core.event_handler.log_command:Invoking command in '/home/hania/project/build/robot_bringup': AMENT_PREFIX_PATH=/home/hania/project/install/robot_controllers:/home/hania/project/install/robot_bringup:/home/hania/project/install/robot_description:/opt/ros/jazzy DEBUGINFOD_URLS=https://debuginfod.ubuntu.com PYTHONPATH=/home/hania/project/build/robot_bringup/prefix_override:/usr/lib/python3/dist-packages/colcon_core/task/python/colcon_distutils_commands:/home/hania/project/install/robot_bringup/lib/python3.12/site-packages:/home/hania/project/build/robot_controllers:/home/hania/project/install/robot_controllers/lib/python3.12/site-packages:/home/hania/project/build/robot_bringup:/home/hania/project/install/robot_bringup/lib/python3.12/site-packages:/opt/ros/jazzy/lib/python3.12/site-packages /usr/bin/python3 -W ignore:setup.py install is deprecated -W ignore:easy_install command is deprecated setup.py develop --editable --build-directory /home/hania/project/build/robot_bringup/build --no-deps symlink_data
[8.173s] Level 1:colcon.colcon_core.shell:create_environment_hook('robot_bringup', 'pythonpath_develop')
[8.174s] DEBUG:colcon.colcon_core.event_handler.log_command:Invoked command in '/home/hania/project/build/robot_bringup' returned '0': AMENT_PREFIX_PATH=/home/hania/project/install/robot_controllers:/home/hania/project/install/robot_bringup:/home/hania/project/install/robot_description:/opt/ros/jazzy DEBUGINFOD_URLS=https://debuginfod.ubuntu.com PYTHONPATH=/home/hania/project/build/robot_bringup/prefix_override:/usr/lib/python3/dist-packages/colcon_core/task/python/colcon_distutils_commands:/home/hania/project/install/robot_bringup/lib/python3.12/site-packages:/home/hania/project/build/robot_controllers:/home/hania/project/install/robot_controllers/lib/python3.12/site-packages:/home/hania/project/build/robot_bringup:/home/hania/project/install/robot_bringup/lib/python3.12/site-packages:/opt/ros/jazzy/lib/python3.12/site-packages /usr/bin/python3 -W ignore:setup.py install is deprecated -W ignore:easy_install command is deprecated setup.py develop --editable --build-directory /home/hania/project/build/robot_bringup/build --no-deps symlink_data
[8.175s] INFO:colcon.colcon_core.shell:Creating environment hook '/home/hania/project/build/robot_bringup/share/robot_bringup/hook/pythonpath_develop.ps1'
[8.177s] INFO:colcon.colcon_core.shell:Creating environment descriptor '/home/hania/project/build/robot_bringup/share/robot_bringup/hook/pythonpath_develop.dsv'
[8.178s] INFO:colcon.colcon_core.shell:Creating environment hook '/home/hania/project/build/robot_bringup/share/robot_bringup/hook/pythonpath_develop.sh'
[8.180s] Level 1:colcon.colcon_core.environment:checking '/home/hania/project/install/robot_bringup' for CMake module files
[8.181s] Level 1:colcon.colcon_core.environment:checking '/home/hania/project/install/robot_bringup' for CMake config files
[8.182s] Level 1:colcon.colcon_core.environment:checking '/home/hania/project/install/robot_bringup/lib'
[8.183s] Level 1:colcon.colcon_core.environment:checking '/home/hania/project/install/robot_bringup/bin'
[8.183s] Level 1:colcon.colcon_core.environment:checking '/home/hania/project/install/robot_bringup/lib/pkgconfig/robot_bringup.pc'
[8.183s] Level 1:colcon.colcon_core.environment:checking '/home/hania/project/install/robot_bringup/lib/python3.12/site-packages'
[8.184s] Level 1:colcon.colcon_core.shell:create_environment_hook('robot_bringup', 'pythonpath')
[8.184s] INFO:colcon.colcon_core.shell:Creating environment hook '/home/hania/project/install/robot_bringup/share/robot_bringup/hook/pythonpath.ps1'
[8.186s] INFO:colcon.colcon_core.shell:Creating environment descriptor '/home/hania/project/install/robot_bringup/share/robot_bringup/hook/pythonpath.dsv'
[8.187s] INFO:colcon.colcon_core.shell:Creating environment hook '/home/hania/project/install/robot_bringup/share/robot_bringup/hook/pythonpath.sh'
[8.189s] Level 1:colcon.colcon_core.environment:checking '/home/hania/project/install/robot_bringup/bin'
[8.190s] Level 1:colcon.colcon_core.environment:create_environment_scripts_only(robot_bringup)
[8.190s] INFO:colcon.colcon_core.shell:Creating package script '/home/hania/project/install/robot_bringup/share/robot_bringup/package.ps1'
[8.193s] INFO:colcon.colcon_core.shell:Creating package descriptor '/home/hania/project/install/robot_bringup/share/robot_bringup/package.dsv'
[8.195s] INFO:colcon.colcon_core.shell:Creating package script '/home/hania/project/install/robot_bringup/share/robot_bringup/package.sh'
[8.197s] INFO:colcon.colcon_core.shell:Creating package script '/home/hania/project/install/robot_bringup/share/robot_bringup/package.bash'
[8.199s] INFO:colcon.colcon_core.shell:Creating package script '/home/hania/project/install/robot_bringup/share/robot_bringup/package.zsh'
[8.200s] Level 1:colcon.colcon_core.environment:create_file_with_runtime_dependencies(/home/hania/project/install/robot_bringup/share/colcon-core/packages/robot_bringup)
[8.201s] DEBUG:colcon.colcon_parallel_executor.executor.parallel:closing loop
[8.202s] DEBUG:colcon.colcon_parallel_executor.executor.parallel:loop closed
[8.202s] DEBUG:colcon.colcon_parallel_executor.executor.parallel:run_until_complete finished with '0'
[8.202s] DEBUG:colcon.colcon_core.event_reactor:joining thread
[8.241s] INFO:colcon.colcon_core.plugin_system:Skipping extension 'colcon_notification.desktop_notification.terminal_notifier': Not used on non-Darwin systems
[8.242s] INFO:colcon.colcon_core.plugin_system:Skipping extension 'colcon_notification.desktop_notification.win32': Not used on non-Windows systems
[8.242s] INFO:colcon.colcon_notification.desktop_notification:Sending desktop notification using 'notify2'
[8.335s] DEBUG:colcon.colcon_core.event_reactor:joined thread
[8.335s] INFO:colcon.colcon_core.shell:Creating prefix script '/home/hania/project/install/local_setup.ps1'
[8.339s] INFO:colcon.colcon_core.shell:Creating prefix util module '/home/hania/project/install/_local_setup_util_ps1.py'
[8.344s] INFO:colcon.colcon_core.shell:Creating prefix chain script '/home/hania/project/install/setup.ps1'
[8.347s] INFO:colcon.colcon_core.shell:Creating prefix script '/home/hania/project/install/local_setup.sh'
[8.351s] INFO:colcon.colcon_core.shell:Creating prefix util module '/home/hania/project/install/_local_setup_util_sh.py'
[8.353s] INFO:colcon.colcon_core.shell:Creating prefix chain script '/home/hania/project/install/setup.sh'
[8.359s] INFO:colcon.colcon_core.shell:Creating prefix script '/home/hania/project/install/local_setup.bash'
[8.362s] INFO:colcon.colcon_core.shell:Creating prefix chain script '/home/hania/project/install/setup.bash'
[8.365s] INFO:colcon.colcon_core.shell:Creating prefix script '/home/hania/project/install/local_setup.zsh'
[8.368s] INFO:colcon.colcon_core.shell:Creating prefix chain script '/home/hania/project/install/setup.zsh'
