[1.527s] Invoking command in '/home/hania/project/build/robot_controllers': DEBUGINFOD_URLS=https://debuginfod.ubuntu.com PYTHONPATH=/home/hania/project/build/robot_controllers/prefix_override:/usr/lib/python3/dist-packages/colcon_core/task/python/colcon_distutils_commands:/home/hania/project/install/robot_controllers/lib/python3.12/site-packages:${PYTHONPATH} /usr/bin/python3 -W ignore:setup.py install is deprecated -W ignore:easy_install command is deprecated setup.py develop --editable --build-directory /home/hania/project/build/robot_controllers/build --no-deps symlink_data
[2.066s] running develop
[2.389s] running egg_info
[2.389s] creating robot_controllers.egg-info
[2.421s] writing robot_controllers.egg-info/PKG-INFO
[2.421s] writing dependency_links to robot_controllers.egg-info/dependency_links.txt
[2.422s] writing requirements to robot_controllers.egg-info/requires.txt
[2.422s] writing top-level names to robot_controllers.egg-info/top_level.txt
[2.422s] writing manifest file 'robot_controllers.egg-info/SOURCES.txt'
[2.502s] reading manifest file 'robot_controllers.egg-info/SOURCES.txt'
[2.505s] writing manifest file 'robot_controllers.egg-info/SOURCES.txt'
[2.541s] running build_ext
[2.541s] Creating /home/hania/project/install/robot_controllers/lib/python3.12/site-packages/robot-controllers.egg-link (link to .)
[2.542s] 
[2.542s] Installed /home/hania/project/build/robot_controllers
[2.542s] running symlink_data
[2.543s] creating /home/hania/project/install/robot_controllers/share/ament_index
[2.543s] creating /home/hania/project/install/robot_controllers/share/ament_index/resource_index
[2.543s] creating /home/hania/project/install/robot_controllers/share/ament_index/resource_index/packages
[2.543s] symbolically linking /home/hania/project/build/robot_controllers/resource/robot_controllers -> /home/hania/project/install/robot_controllers/share/ament_index/resource_index/packages
[2.543s] symbolically linking /home/hania/project/build/robot_controllers/package.xml -> /home/hania/project/install/robot_controllers/share/robot_controllers
[2.543s] creating /home/hania/project/install/robot_controllers/share/robot_controllers/config
[2.543s] symbolically linking /home/hania/project/build/robot_controllers/config/ros2_controllers.yaml -> /home/hania/project/install/robot_controllers/share/robot_controllers/config
[2.615s] Invoked command in '/home/hania/project/build/robot_controllers' returned '0': DEBUGINFOD_URLS=https://debuginfod.ubuntu.com PYTHONPATH=/home/hania/project/build/robot_controllers/prefix_override:/usr/lib/python3/dist-packages/colcon_core/task/python/colcon_distutils_commands:/home/hania/project/install/robot_controllers/lib/python3.12/site-packages:${PYTHONPATH} /usr/bin/python3 -W ignore:setup.py install is deprecated -W ignore:easy_install command is deprecated setup.py develop --editable --build-directory /home/hania/project/build/robot_controllers/build --no-deps symlink_data
